2026-02-13T00:14:22.779002+05:30 test-host sudo: pam_unix(sudo:session): session closed for user admin
2026-02-13T00:14:42.092188+05:30 test-host sudo:     admin : TTY=pts/1 ; PWD=/ ; USER=admin ; COMMAND=/usr/bin/systemctl start rsyslog
2026-02-13T00:14:42.095638+05:30 test-host sudo: pam_unix(sudo:session): session opened for user admin(uid=0) by ...(uid=0)
2026-02-13T00:14:42.107877+05:30 test-host sudo: pam_unix(sudo:session): session closed for user admin
2026-02-13T00:15:01.078032+05:30 test-host CRON[74749]: pam_unix(cron:session): session opened for user admin(uid=0) by admin(uid=0)
2026-02-13T00:15:01.081044+05:30 test-host CRON[74749]: pam_unix(cron:session): session closed for user admin
2026-02-13T00:17:01.085426+05:30 test-host CRON[75720]: pam_unix(cron:session): session opened for user admin(uid=0) by admin(uid=0)
2026-02-13T00:17:01.095489+05:30 test-host CRON[75720]: pam_unix(cron:session): session closed for user admin
2026-02-13T00:17:19.466945+05:30 test-host sudo:     admin : TTY=pts/1 ; PWD=/ ; USER=admin ; COMMAND=/usr/bin/ls -lt /var/log/
2026-02-13T00:17:19.468003+05:30 test-host sudo: pam_unix(sudo:session): session opened for user admin(uid=0) by ...(uid=0)
2026-02-13T00:17:19.473961+05:30 test-host sudo: pam_unix(sudo:session): session closed for user admin
2026-02-13T00:22:03.146933+05:30 test-host sshd[78283]: Received disconnect from ATTACKER_IP port 44240:11: Bye Bye [preauth]
2026-02-13T00:22:03.152021+05:30 test-host sshd[78283]: Disconnected from authenticating user admin ATTACKER_IP port 44240 [preauth]
2026-02-13T00:22:03.470309+05:30 test-host sshd[78291]: pam_unix(sshd:auth): authentication failure; logname= uid=0 euid=0 tty=ssh ruser= rhost=ATTACKER_IP  user=admin
2026-02-13T00:22:03.472371+05:30 test-host sshd[78289]: pam_unix(sshd:auth): authentication failure; logname= uid=0 euid=0 tty=ssh ruser= rhost=ATTACKER_IP  user=admin
2026-02-13T00:22:03.473825+05:30 test-host sshd[78290]: pam_unix(sshd:auth): authentication failure; logname= uid=0 euid=0 tty=ssh ruser= rhost=ATTACKER_IP  user=admin
2026-02-13T00:22:03.474106+05:30 test-host sshd[78292]: pam_unix(sshd:auth): authentication failure; logname= uid=0 euid=0 tty=ssh ruser= rhost=ATTACKER_IP  user=admin
2026-02-13T00:22:05.849585+05:30 test-host sshd[78291]: Failed password for admin from ATTACKER_IP port 44260 ssh2
2026-02-13T00:22:05.852069+05:30 test-host sshd[78289]: Failed password for admin from ATTACKER_IP port 44244 ssh2
2026-02-13T00:22:05.852567+05:30 test-host sshd[78292]: Failed password for admin from ATTACKER_IP port 44274 ssh2
2026-02-13T00:22:05.853005+05:30 test-host sshd[78290]: Failed password for admin from ATTACKER_IP port 44248 ssh2
2026-02-13T00:22:10.438683+05:30 test-host sshd[78289]: Failed password for admin from ATTACKER_IP port 44244 ssh2
2026-02-13T00:22:10.450623+05:30 test-host sshd[78290]: Failed password for admin from ATTACKER_IP port 44248 ssh2
2026-02-13T00:22:10.451673+05:30 test-host sshd[78291]: Failed password for admin from ATTACKER_IP port 44260 ssh2
2026-02-13T00:22:10.452752+05:30 test-host sshd[78292]: Failed password for admin from ATTACKER_IP port 44274 ssh2
2026-02-13T00:22:15.234373+05:30 test-host sshd[78289]: Failed password for admin from ATTACKER_IP port 44244 ssh2
2026-02-13T00:22:15.245836+05:30 test-host sshd[78292]: Failed password for admin from ATTACKER_IP port 44274 ssh2
2026-02-13T00:22:15.257940+05:30 test-host sshd[78290]: Failed password for admin from ATTACKER_IP port 44248 ssh2
2026-02-13T00:22:15.259522+05:30 test-host sshd[78291]: Failed password for admin from ATTACKER_IP port 44260 ssh2
2026-02-13T00:22:19.165447+05:30 test-host sshd[78289]: Failed password for admin from ATTACKER_IP port 44244 ssh2
2026-02-13T00:22:19.177825+05:30 test-host sshd[78292]: Failed password for admin from ATTACKER_IP port 44274 ssh2
2026-02-13T00:22:19.188408+05:30 test-host sshd[78291]: Failed password for admin from ATTACKER_IP port 44260 ssh2
2026-02-13T00:22:19.199661+05:30 test-host sshd[78290]: Failed password for admin from ATTACKER_IP port 44248 ssh2
2026-02-13T00:22:21.734731+05:30 test-host sshd[78289]: Failed password for admin from ATTACKER_IP port 44244 ssh2
2026-02-13T00:22:21.745704+05:30 test-host sshd[78292]: Failed password for admin from ATTACKER_IP port 44274 ssh2
2026-02-13T00:22:21.754139+05:30 test-host sshd[78291]: Failed password for admin from ATTACKER_IP port 44260 ssh2
2026-02-13T00:22:21.766317+05:30 test-host sshd[78290]: Failed password for admin from ATTACKER_IP port 44248 ssh2
2026-02-13T00:22:23.965320+05:30 test-host sshd[78289]: Failed password for admin from ATTACKER_IP port 44244 ssh2
2026-02-13T00:22:23.975017+05:30 test-host sshd[78292]: Failed password for admin from ATTACKER_IP port 44274 ssh2
2026-02-13T00:22:23.986661+05:30 test-host sshd[78291]: Failed password for admin from ATTACKER_IP port 44260 ssh2
2026-02-13T00:22:23.999145+05:30 test-host sshd[78290]: Failed password for admin from ATTACKER_IP port 44248 ssh2
2026-02-13T00:22:24.076724+05:30 test-host sshd[78289]: error: maximum authentication attempts exceeded for admin from ATTACKER_IP port 44244 ssh2 [preauth]
2026-02-13T00:22:24.080115+05:30 test-host sshd[78289]: Disconnecting authenticating user admin ATTACKER_IP port 44244: Too many authentication failures [preauth]
2026-02-13T00:22:24.080339+05:30 test-host sshd[78289]: PAM 5 more authentication failures; logname= uid=0 euid=0 tty=ssh ruser= rhost=ATTACKER_IP  user=admin
2026-02-13T00:22:24.080488+05:30 test-host sshd[78289]: PAM service(sshd) ignoring max retries; 6 > 3
2026-02-13T00:22:24.084901+05:30 test-host sshd[78292]: error: maximum authentication attempts exceeded for admin from ATTACKER_IP port 44274 ssh2 [preauth]
2026-02-13T00:22:24.085082+05:30 test-host sshd[78292]: Disconnecting authenticating user admin ATTACKER_IP port 44274: Too many authentication failures [preauth]
2026-02-13T00:22:24.085988+05:30 test-host sshd[78292]: PAM 5 more authentication failures; logname= uid=0 euid=0 tty=ssh ruser= rhost=ATTACKER_IP  user=admin
2026-02-13T00:22:24.086091+05:30 test-host sshd[78292]: PAM service(sshd) ignoring max retries; 6 > 3
2026-02-13T00:22:24.094816+05:30 test-host sshd[78291]: error: maximum authentication attempts exceeded for admin from ATTACKER_IP port 44260 ssh2 [preauth]
2026-02-13T00:22:24.095593+05:30 test-host sshd[78291]: Disconnecting authenticating user admin ATTACKER_IP port 44260: Too many authentication failures [preauth]
2026-02-13T00:22:24.096942+05:30 test-host sshd[78291]: PAM 5 more authentication failures; logname= uid=0 euid=0 tty=ssh ruser= rhost=ATTACKER_IP  user=admin
2026-02-13T00:22:24.097522+05:30 test-host sshd[78291]: PAM service(sshd) ignoring max retries; 6 > 3
2026-02-13T00:22:24.107908+05:30 test-host sshd[78290]: error: maximum authentication attempts exceeded for admin from ATTACKER_IP port 44248 ssh2 [preauth]
2026-02-13T00:22:24.111225+05:30 test-host sshd[78290]: Disconnecting authenticating user admin ATTACKER_IP port 44248: Too many authentication failures [preauth]
2026-02-13T00:22:24.111307+05:30 test-host sshd[78290]: PAM 5 more authentication failures; logname= uid=0 euid=0 tty=ssh ruser= rhost=ATTACKER_IP  user=admin
2026-02-13T00:22:24.111357+05:30 test-host sshd[78290]: PAM service(sshd) ignoring max retries; 6 > 3
2026-02-13T00:22:53.904918+05:30 test-host sshd[78698]: pam_unix(sshd:auth): authentication failure; logname= uid=0 euid=0 tty=ssh ruser= rhost=ATTACKER_IP  user=admin
2026-02-13T00:22:53.928120+05:30 test-host sshd[78699]: pam_unix(sshd:auth): authentication failure; logname= uid=0 euid=0 tty=ssh ruser= rhost=ATTACKER_IP  user=admin
2026-02-13T00:22:53.934942+05:30 test-host sshd[78700]: pam_unix(sshd:auth): authentication failure; logname= uid=0 euid=0 tty=ssh ruser= rhost=ATTACKER_IP  user=admin
2026-02-13T00:22:53.935839+05:30 test-host sshd[78702]: pam_unix(sshd:auth): authentication failure; logname= uid=0 euid=0 tty=ssh ruser= rhost=ATTACKER_IP  user=admin
2026-02-13T00:22:55.478204+05:30 test-host sshd[78698]: Failed password for admin from ATTACKER_IP port 41242 ssh2
2026-02-13T00:22:55.501751+05:30 test-host sshd[78699]: Failed password for admin from ATTACKER_IP port 41254 ssh2
2026-02-13T00:22:55.509408+05:30 test-host sshd[78702]: Failed password for admin from ATTACKER_IP port 41278 ssh2
2026-02-13T00:22:55.510352+05:30 test-host sshd[78700]: Failed password for admin from ATTACKER_IP port 41262 ssh2
2026-02-13T00:22:58.178551+05:30 test-host sshd[78698]: Failed password for admin from ATTACKER_IP port 41242 ssh2
2026-02-13T00:22:58.197921+05:30 test-host sshd[78699]: Failed password for admin from ATTACKER_IP port 41254 ssh2
2026-02-13T00:22:58.210465+05:30 test-host sshd[78702]: Failed password for admin from ATTACKER_IP port 41278 ssh2
2026-02-13T00:22:58.212359+05:30 test-host sshd[78700]: Failed password for admin from ATTACKER_IP port 41262 ssh2
2026-02-13T00:23:01.077226+05:30 test-host sshd[78698]: Failed password for admin from ATTACKER_IP port 41242 ssh2
2026-02-13T00:23:01.097814+05:30 test-host sshd[78699]: Failed password for admin from ATTACKER_IP port 41254 ssh2
2026-02-13T00:23:01.105898+05:30 test-host sshd[78702]: Failed password for admin from ATTACKER_IP port 41278 ssh2
2026-02-13T00:23:01.118156+05:30 test-host sshd[78700]: Failed password for admin from ATTACKER_IP port 41262 ssh2
2026-02-13T00:23:04.678825+05:30 test-host sshd[78698]: Failed password for admin from ATTACKER_IP port 41242 ssh2
2026-02-13T00:23:04.698497+05:30 test-host sshd[78699]: Failed password for admin from ATTACKER_IP port 41254 ssh2
2026-02-13T00:23:04.706875+05:30 test-host sshd[78702]: Failed password for admin from ATTACKER_IP port 41278 ssh2
2026-02-13T00:23:04.719426+05:30 test-host sshd[78700]: Failed password for admin from ATTACKER_IP port 41262 ssh2
2026-02-13T00:23:06.905630+05:30 test-host sshd[78698]: Failed password for admin from ATTACKER_IP port 41242 ssh2
2026-02-13T00:23:06.929857+05:30 test-host sshd[78699]: Failed password for admin from ATTACKER_IP port 41254 ssh2
2026-02-13T00:23:06.941078+05:30 test-host sshd[78702]: Failed password for admin from ATTACKER_IP port 41278 ssh2
2026-02-13T00:23:06.949580+05:30 test-host sshd[78700]: Failed password for admin from ATTACKER_IP port 41262 ssh2
2026-02-13T00:23:09.806303+05:30 test-host sshd[78698]: Failed password for admin from ATTACKER_IP port 41242 ssh2
2026-02-13T00:23:09.825912+05:30 test-host sshd[78699]: Failed password for admin from ATTACKER_IP port 41254 ssh2
2026-02-13T00:23:09.837871+05:30 test-host sshd[78702]: Failed password for admin from ATTACKER_IP port 41278 ssh2
2026-02-13T00:23:09.847040+05:30 test-host sshd[78700]: Failed password for admin from ATTACKER_IP port 41262 ssh2
2026-02-13T00:23:09.934653+05:30 test-host sshd[78698]: error: maximum authentication attempts exceeded for admin from ATTACKER_IP port 41242 ssh2 [preauth]
2026-02-13T00:23:09.934745+05:30 test-host sshd[78698]: Disconnecting authenticating user admin ATTACKER_IP port 41242: Too many authentication failures [preauth]
2026-02-13T00:23:09.934769+05:30 test-host sshd[78698]: PAM 5 more authentication failures; logname= uid=0 euid=0 tty=ssh ruser= rhost=ATTACKER_IP  user=admin
2026-02-13T00:23:09.934790+05:30 test-host sshd[78698]: PAM service(sshd) ignoring max retries; 6 > 3
2026-02-13T00:23:09.955589+05:30 test-host sshd[78699]: error: maximum authentication attempts exceeded for admin from ATTACKER_IP port 41254 ssh2 [preauth]
2026-02-13T00:23:09.956736+05:30 test-host sshd[78699]: Disconnecting authenticating user admin ATTACKER_IP port 41254: Too many authentication failures [preauth]
2026-02-13T00:23:09.956782+05:30 test-host sshd[78699]: PAM 5 more authentication failures; logname= uid=0 euid=0 tty=ssh ruser= rhost=ATTACKER_IP  user=admin
2026-02-13T00:23:09.956801+05:30 test-host sshd[78699]: PAM service(sshd) ignoring max retries; 6 > 3
2026-02-13T00:23:09.967628+05:30 test-host sshd[78702]: error: maximum authentication attempts exceeded for admin from ATTACKER_IP port 41278 ssh2 [preauth]
2026-02-13T00:23:09.968231+05:30 test-host sshd[78702]: Disconnecting authenticating user admin ATTACKER_IP port 41278: Too many authentication failures [preauth]
2026-02-13T00:23:09.968274+05:30 test-host sshd[78702]: PAM 5 more authentication failures; logname= uid=0 euid=0 tty=ssh ruser= rhost=ATTACKER_IP  user=admin
2026-02-13T00:23:09.968292+05:30 test-host sshd[78702]: PAM service(sshd) ignoring max retries; 6 > 3
2026-02-13T00:23:09.978091+05:30 test-host sshd[78700]: error: maximum authentication attempts exceeded for admin from ATTACKER_IP port 41262 ssh2 [preauth]
2026-02-13T00:23:09.978139+05:30 test-host sshd[78700]: Disconnecting authenticating user admin ATTACKER_IP port 41262: Too many authentication failures [preauth]
2026-02-13T00:23:09.978682+05:30 test-host sshd[78700]: PAM 5 more authentication failures; logname= uid=0 euid=0 tty=ssh ruser= rhost=ATTACKER_IP  user=admin
2026-02-13T00:23:09.978720+05:30 test-host sshd[78700]: PAM service(sshd) ignoring max retries; 6 > 3
2026-02-13T00:23:39.747296+05:30 test-host sshd[79074]: pam_unix(sshd:auth): authentication failure; logname= uid=0 euid=0 tty=ssh ruser= rhost=ATTACKER_IP  user=admin
2026-02-13T00:23:39.773949+05:30 test-host sshd[79076]: pam_unix(sshd:auth): authentication failure; logname= uid=0 euid=0 tty=ssh ruser= rhost=ATTACKER_IP  user=admin
2026-02-13T00:23:39.782271+05:30 test-host sshd[79077]: pam_unix(sshd:auth): authentication failure; logname= uid=0 euid=0 tty=ssh ruser= rhost=ATTACKER_IP  user=admin
2026-02-13T00:23:39.786734+05:30 test-host sshd[79079]: pam_unix(sshd:auth): authentication failure; logname= uid=0 euid=0 tty=ssh ruser= rhost=ATTACKER_IP  user=admin
2026-02-13T00:23:41.301565+05:30 test-host sshd[79074]: Failed password for admin from ATTACKER_IP port 37282 ssh2
2026-02-13T00:23:41.326820+05:30 test-host sshd[79076]: Failed password for admin from ATTACKER_IP port 37290 ssh2
2026-02-13T00:23:41.334714+05:30 test-host sshd[79077]: Failed password for admin from ATTACKER_IP port 37294 ssh2
2026-02-13T00:23:41.340108+05:30 test-host sshd[79079]: Failed password for admin from ATTACKER_IP port 37296 ssh2
2026-02-13T00:23:44.670036+05:30 test-host sshd[79074]: Failed password for admin from ATTACKER_IP port 37282 ssh2
2026-02-13T00:23:44.697974+05:30 test-host sshd[79076]: Failed password for admin from ATTACKER_IP port 37290 ssh2
2026-02-13T00:23:44.705884+05:30 test-host sshd[79077]: Failed password for admin from ATTACKER_IP port 37294 ssh2
2026-02-13T00:23:44.718078+05:30 test-host sshd[79079]: Failed password for admin from ATTACKER_IP port 37296 ssh2
2026-02-13T00:23:48.468804+05:30 test-host sshd[79074]: Failed password for admin from ATTACKER_IP port 37282 ssh2
2026-02-13T00:23:48.494354+05:30 test-host sshd[79076]: Failed password for admin from ATTACKER_IP port 37290 ssh2
2026-02-13T00:23:48.505223+05:30 test-host sshd[79077]: Failed password for admin from ATTACKER_IP port 37294 ssh2
2026-02-13T00:23:48.516478+05:30 test-host sshd[79079]: Failed password for admin from ATTACKER_IP port 37296 ssh2
2026-02-13T00:23:50.699232+05:30 test-host sshd[79074]: Failed password for admin from ATTACKER_IP port 37282 ssh2
2026-02-13T00:23:50.724908+05:30 test-host sshd[79076]: Failed password for admin from ATTACKER_IP port 37290 ssh2
2026-02-13T00:23:50.736817+05:30 test-host sshd[79077]: Failed password for admin from ATTACKER_IP port 37294 ssh2
2026-02-13T00:23:50.747256+05:30 test-host sshd[79079]: Failed password for admin from ATTACKER_IP port 37296 ssh2
2026-02-13T00:23:52.732019+05:30 test-host sshd[79074]: Failed password for admin from ATTACKER_IP port 37282 ssh2
2026-02-13T00:23:52.760839+05:30 test-host sshd[79076]: Failed password for admin from ATTACKER_IP port 37290 ssh2
2026-02-13T00:23:52.770686+05:30 test-host sshd[79077]: Failed password for admin from ATTACKER_IP port 37294 ssh2
2026-02-13T00:23:52.781986+05:30 test-host sshd[79079]: Failed password for admin from ATTACKER_IP port 37296 ssh2
2026-02-13T00:23:55.966050+05:30 test-host sshd[79074]: Failed password for admin from ATTACKER_IP port 37282 ssh2
2026-02-13T00:23:55.993623+05:30 test-host sshd[79076]: Failed password for admin from ATTACKER_IP port 37290 ssh2
2026-02-13T00:23:56.001783+05:30 test-host sshd[79077]: Failed password for admin from ATTACKER_IP port 37294 ssh2
2026-02-13T00:23:56.013784+05:30 test-host sshd[79079]: Failed password for admin from ATTACKER_IP port 37296 ssh2
2026-02-13T00:23:58.072848+05:30 test-host sshd[79074]: error: maximum authentication attempts exceeded for admin from ATTACKER_IP port 37282 ssh2 [preauth]
2026-02-13T00:23:58.073019+05:30 test-host sshd[79074]: Disconnecting authenticating user admin ATTACKER_IP port 37282: Too many authentication failures [preauth]
2026-02-13T00:23:58.073086+05:30 test-host sshd[79074]: PAM 5 more authentication failures; logname= uid=0 euid=0 tty=ssh ruser= rhost=ATTACKER_IP  user=admin
2026-02-13T00:23:58.073133+05:30 test-host sshd[79074]: PAM service(sshd) ignoring max retries; 6 > 3
2026-02-13T00:23:58.097162+05:30 test-host sshd[79076]: error: maximum authentication attempts exceeded for admin from ATTACKER_IP port 37290 ssh2 [preauth]
2026-02-13T00:23:58.097399+05:30 test-host sshd[79076]: Disconnecting authenticating user admin ATTACKER_IP port 37290: Too many authentication failures [preauth]
2026-02-13T00:23:58.098810+05:30 test-host sshd[79076]: PAM 5 more authentication failures; logname= uid=0 euid=0 tty=ssh ruser= rhost=ATTACKER_IP  user=admin
2026-02-13T00:23:58.098884+05:30 test-host sshd[79076]: PAM service(sshd) ignoring max retries; 6 > 3
2026-02-13T00:23:58.106793+05:30 test-host sshd[79077]: error: maximum authentication attempts exceeded for admin from ATTACKER_IP port 37294 ssh2 [preauth]
2026-02-13T00:23:58.107325+05:30 test-host sshd[79077]: Disconnecting authenticating user admin ATTACKER_IP port 37294: Too many authentication failures [preauth]
2026-02-13T00:23:58.108671+05:30 test-host sshd[79077]: PAM 5 more authentication failures; logname= uid=0 euid=0 tty=ssh ruser= rhost=ATTACKER_IP  user=admin
2026-02-13T00:23:58.108788+05:30 test-host sshd[79077]: PAM service(sshd) ignoring max retries; 6 > 3
2026-02-13T00:23:58.118033+05:30 test-host sshd[79079]: error: maximum authentication attempts exceeded for admin from ATTACKER_IP port 37296 ssh2 [preauth]
2026-02-13T00:23:58.118790+05:30 test-host sshd[79079]: Disconnecting authenticating user admin ATTACKER_IP port 37296: Too many authentication failures [preauth]
2026-02-13T00:23:58.120795+05:30 test-host sshd[79079]: PAM 5 more authentication failures; logname= uid=0 euid=0 tty=ssh ruser= rhost=ATTACKER_IP  user=admin
2026-02-13T00:23:58.120854+05:30 test-host sshd[79079]: PAM service(sshd) ignoring max retries; 6 > 3
2026-02-13T00:24:25.591740+05:30 test-host sshd[79450]: pam_unix(sshd:auth): authentication failure; logname= uid=0 euid=0 tty=ssh ruser= rhost=ATTACKER_IP  user=admin
2026-02-13T00:24:25.604421+05:30 test-host sshd[79452]: pam_unix(sshd:auth): authentication failure; logname= uid=0 euid=0 tty=ssh ruser= rhost=ATTACKER_IP  user=admin
2026-02-13T00:24:25.616954+05:30 test-host sshd[79454]: pam_unix(sshd:auth): authentication failure; logname= uid=0 euid=0 tty=ssh ruser= rhost=ATTACKER_IP  user=admin
2026-02-13T00:24:25.624733+05:30 test-host sshd[79456]: pam_unix(sshd:auth): authentication failure; logname= uid=0 euid=0 tty=ssh ruser= rhost=ATTACKER_IP  user=admin
2026-02-13T00:24:26.793970+05:30 test-host sshd[79450]: Failed password for admin from ATTACKER_IP port 50912 ssh2
2026-02-13T00:24:26.805956+05:30 test-host sshd[79452]: Failed password for admin from ATTACKER_IP port 50922 ssh2
2026-02-13T00:24:26.819497+05:30 test-host sshd[79454]: Failed password for admin from ATTACKER_IP port 50932 ssh2
2026-02-13T00:24:26.826284+05:30 test-host sshd[79456]: Failed password for admin from ATTACKER_IP port 50936 ssh2
2026-02-13T00:24:29.691684+05:30 test-host sshd[79450]: Failed password for admin from ATTACKER_IP port 50912 ssh2
2026-02-13T00:24:29.705225+05:30 test-host sshd[79452]: Failed password for admin from ATTACKER_IP port 50922 ssh2
2026-02-13T00:24:29.713734+05:30 test-host sshd[79454]: Failed password for admin from ATTACKER_IP port 50932 ssh2
2026-02-13T00:24:29.725324+05:30 test-host sshd[79456]: Failed password for admin from ATTACKER_IP port 50936 ssh2
2026-02-13T00:24:32.062046+05:30 test-host sshd[79450]: Failed password for admin from ATTACKER_IP port 50912 ssh2
2026-02-13T00:24:32.075603+05:30 test-host sshd[79452]: Failed password for admin from ATTACKER_IP port 50922 ssh2
2026-02-13T00:24:32.085622+05:30 test-host sshd[79454]: Failed password for admin from ATTACKER_IP port 50932 ssh2
2026-02-13T00:24:32.096735+05:30 test-host sshd[79456]: Failed password for admin from ATTACKER_IP port 50936 ssh2
2026-02-13T00:24:33.959773+05:30 test-host sshd[79450]: Failed password for admin from ATTACKER_IP port 50912 ssh2
2026-02-13T00:24:33.973796+05:30 test-host sshd[79452]: Failed password for admin from ATTACKER_IP port 50922 ssh2
2026-02-13T00:24:33.986032+05:30 test-host sshd[79454]: Failed password for admin from ATTACKER_IP port 50932 ssh2
2026-02-13T00:24:33.995845+05:30 test-host sshd[79456]: Failed password for admin from ATTACKER_IP port 50936 ssh2
2026-02-13T00:24:36.860250+05:30 test-host sshd[79450]: Failed password for admin from ATTACKER_IP port 50912 ssh2
2026-02-13T00:24:36.873298+05:30 test-host sshd[79452]: Failed password for admin from ATTACKER_IP port 50922 ssh2
2026-02-13T00:24:36.882409+05:30 test-host sshd[79454]: Failed password for admin from ATTACKER_IP port 50932 ssh2
2026-02-13T00:24:36.893543+05:30 test-host sshd[79456]: Failed password for admin from ATTACKER_IP port 50936 ssh2
2026-02-13T00:24:38.233323+05:30 test-host sshd[79450]: Failed password for admin from ATTACKER_IP port 50912 ssh2
2026-02-13T00:24:38.242368+05:30 test-host sshd[79452]: Failed password for admin from ATTACKER_IP port 50922 ssh2
2026-02-13T00:24:38.252519+05:30 test-host sshd[79454]: Failed password for admin from ATTACKER_IP port 50932 ssh2
2026-02-13T00:24:38.261839+05:30 test-host sshd[79456]: Failed password for admin from ATTACKER_IP port 50936 ssh2
2026-02-13T00:24:39.339135+05:30 test-host sshd[79450]: error: maximum authentication attempts exceeded for admin from ATTACKER_IP port 50912 ssh2 [preauth]
2026-02-13T00:24:39.340334+05:30 test-host sshd[79450]: Disconnecting authenticating user admin ATTACKER_IP port 50912: Too many authentication failures [preauth]
2026-02-13T00:24:39.341711+05:30 test-host sshd[79450]: PAM 5 more authentication failures; logname= uid=0 euid=0 tty=ssh ruser= rhost=ATTACKER_IP  user=admin
2026-02-13T00:24:39.341910+05:30 test-host sshd[79450]: PAM service(sshd) ignoring max retries; 6 > 3
2026-02-13T00:24:39.350788+05:30 test-host sshd[79452]: error: maximum authentication attempts exceeded for admin from ATTACKER_IP port 50922 ssh2 [preauth]
2026-02-13T00:24:39.353180+05:30 test-host sshd[79452]: Disconnecting authenticating user admin ATTACKER_IP port 50922: Too many authentication failures [preauth]
2026-02-13T00:24:39.353353+05:30 test-host sshd[79452]: PAM 5 more authentication failures; logname= uid=0 euid=0 tty=ssh ruser= rhost=ATTACKER_IP  user=admin
2026-02-13T00:24:39.353405+05:30 test-host sshd[79452]: PAM service(sshd) ignoring max retries; 6 > 3
2026-02-13T00:24:39.360426+05:30 test-host sshd[79454]: error: maximum authentication attempts exceeded for admin from ATTACKER_IP port 50932 ssh2 [preauth]
2026-02-13T00:24:39.362072+05:30 test-host sshd[79454]: Disconnecting authenticating user admin ATTACKER_IP port 50932: Too many authentication failures [preauth]
2026-02-13T00:24:39.363928+05:30 test-host sshd[79454]: PAM 5 more authentication failures; logname= uid=0 euid=0 tty=ssh ruser= rhost=ATTACKER_IP  user=admin
2026-02-13T00:24:39.364028+05:30 test-host sshd[79454]: PAM service(sshd) ignoring max retries; 6 > 3
2026-02-13T00:24:39.370003+05:30 test-host sshd[79456]: error: maximum authentication attempts exceeded for admin from ATTACKER_IP port 50936 ssh2 [preauth]
2026-02-13T00:24:39.370576+05:30 test-host sshd[79456]: Disconnecting authenticating user admin ATTACKER_IP port 50936: Too many authentication failures [preauth]
2026-02-13T00:24:39.372273+05:30 test-host sshd[79456]: PAM 5 more authentication failures; logname= uid=0 euid=0 tty=ssh ruser= rhost=ATTACKER_IP  user=admin
2026-02-13T00:24:39.372354+05:30 test-host sshd[79456]: PAM service(sshd) ignoring max retries; 6 > 3
2026-02-13T00:25:01.100472+05:30 test-host CRON[79747]: pam_unix(cron:session): session opened for user admin(uid=0) by admin(uid=0)
2026-02-13T00:25:01.103386+05:30 test-host CRON[79747]: pam_unix(cron:session): session closed for user admin
2026-02-13T00:25:09.185724+05:30 test-host sshd[79806]: pam_unix(sshd:auth): authentication failure; logname= uid=0 euid=0 tty=ssh ruser= rhost=ATTACKER_IP  user=admin
2026-02-13T00:25:09.201398+05:30 test-host sshd[79812]: pam_unix(sshd:auth): authentication failure; logname= uid=0 euid=0 tty=ssh ruser= rhost=ATTACKER_IP  user=admin
2026-02-13T00:25:09.203274+05:30 test-host sshd[79817]: pam_unix(sshd:auth): authentication failure; logname= uid=0 euid=0 tty=ssh ruser= rhost=ATTACKER_IP  user=admin
2026-02-13T00:25:09.204199+05:30 test-host sshd[79816]: pam_unix(sshd:auth): authentication failure; logname= uid=0 euid=0 tty=ssh ruser= rhost=ATTACKER_IP  user=admin
2026-02-13T00:25:11.094760+05:30 test-host sshd[79806]: Failed password for admin from ATTACKER_IP port 44232 ssh2
2026-02-13T00:25:11.109762+05:30 test-host sshd[79812]: Failed password for admin from ATTACKER_IP port 44248 ssh2
2026-02-13T00:25:11.112823+05:30 test-host sshd[79817]: Failed password for admin from ATTACKER_IP port 44264 ssh2
2026-02-13T00:25:11.113505+05:30 test-host sshd[79816]: Failed password for admin from ATTACKER_IP port 44256 ssh2
2026-02-13T00:25:13.324866+05:30 test-host sshd[79806]: Failed password for admin from ATTACKER_IP port 44232 ssh2
2026-02-13T00:25:13.336086+05:30 test-host sshd[79812]: Failed password for admin from ATTACKER_IP port 44248 ssh2
2026-02-13T00:25:13.346072+05:30 test-host sshd[79816]: Failed password for admin from ATTACKER_IP port 44256 ssh2
2026-02-13T00:25:13.346273+05:30 test-host sshd[79817]: Failed password for admin from ATTACKER_IP port 44264 ssh2
2026-02-13T00:25:15.558572+05:30 test-host sshd[79806]: Failed password for admin from ATTACKER_IP port 44232 ssh2
2026-02-13T00:25:15.569443+05:30 test-host sshd[79812]: Failed password for admin from ATTACKER_IP port 44248 ssh2
2026-02-13T00:25:15.580625+05:30 test-host sshd[79816]: Failed password for admin from ATTACKER_IP port 44256 ssh2
2026-02-13T00:25:15.590175+05:30 test-host sshd[79817]: Failed password for admin from ATTACKER_IP port 44264 ssh2
2026-02-13T00:25:18.258632+05:30 test-host sshd[79806]: Failed password for admin from ATTACKER_IP port 44232 ssh2
2026-02-13T00:25:18.269910+05:30 test-host sshd[79812]: Failed password for admin from ATTACKER_IP port 44248 ssh2
2026-02-13T00:25:18.281443+05:30 test-host sshd[79816]: Failed password for admin from ATTACKER_IP port 44256 ssh2
2026-02-13T00:25:18.294575+05:30 test-host sshd[79817]: Failed password for admin from ATTACKER_IP port 44264 ssh2
2026-02-13T00:25:20.490747+05:30 test-host sshd[79806]: Failed password for admin from ATTACKER_IP port 44232 ssh2
2026-02-13T00:25:20.501555+05:30 test-host sshd[79812]: Failed password for admin from ATTACKER_IP port 44248 ssh2
2026-02-13T00:25:20.513228+05:30 test-host sshd[79816]: Failed password for admin from ATTACKER_IP port 44256 ssh2
2026-02-13T00:25:20.521519+05:30 test-host sshd[79817]: Failed password for admin from ATTACKER_IP port 44264 ssh2
2026-02-13T00:25:22.053789+05:30 test-host sshd[79806]: Failed password for admin from ATTACKER_IP port 44232 ssh2
2026-02-13T00:25:22.064892+05:30 test-host sshd[79812]: Failed password for admin from ATTACKER_IP port 44248 ssh2
2026-02-13T00:25:22.074169+05:30 test-host sshd[79816]: Failed password for admin from ATTACKER_IP port 44256 ssh2
2026-02-13T00:25:22.085681+05:30 test-host sshd[79817]: Failed password for admin from ATTACKER_IP port 44264 ssh2
2026-02-13T00:25:22.927738+05:30 test-host sshd[79806]: error: maximum authentication attempts exceeded for admin from ATTACKER_IP port 44232 ssh2 [preauth]
2026-02-13T00:25:22.927868+05:30 test-host sshd[79806]: Disconnecting authenticating user admin ATTACKER_IP port 44232: Too many authentication failures [preauth]
2026-02-13T00:25:22.927915+05:30 test-host sshd[79806]: PAM 5 more authentication failures; logname= uid=0 euid=0 tty=ssh ruser= rhost=ATTACKER_IP  user=admin
2026-02-13T00:25:22.927954+05:30 test-host sshd[79806]: PAM service(sshd) ignoring max retries; 6 > 3
2026-02-13T00:25:22.936327+05:30 test-host sshd[79812]: error: maximum authentication attempts exceeded for admin from ATTACKER_IP port 44248 ssh2 [preauth]
2026-02-13T00:25:22.936473+05:30 test-host sshd[79812]: Disconnecting authenticating user admin ATTACKER_IP port 44248: Too many authentication failures [preauth]
2026-02-13T00:25:22.936542+05:30 test-host sshd[79812]: PAM 5 more authentication failures; logname= uid=0 euid=0 tty=ssh ruser= rhost=ATTACKER_IP  user=admin
2026-02-13T00:25:22.937309+05:30 test-host sshd[79812]: PAM service(sshd) ignoring max retries; 6 > 3
2026-02-13T00:25:22.947202+05:30 test-host sshd[79816]: error: maximum authentication attempts exceeded for admin from ATTACKER_IP port 44256 ssh2 [preauth]
2026-02-13T00:25:22.947758+05:30 test-host sshd[79816]: Disconnecting authenticating user admin ATTACKER_IP port 44256: Too many authentication failures [preauth]
2026-02-13T00:25:22.947907+05:30 test-host sshd[79816]: PAM 5 more authentication failures; logname= uid=0 euid=0 tty=ssh ruser= rhost=ATTACKER_IP  user=admin
2026-02-13T00:25:22.948815+05:30 test-host sshd[79816]: PAM service(sshd) ignoring max retries; 6 > 3
2026-02-13T00:25:22.957985+05:30 test-host sshd[79817]: error: maximum authentication attempts exceeded for admin from ATTACKER_IP port 44264 ssh2 [preauth]
2026-02-13T00:25:22.958197+05:30 test-host sshd[79817]: Disconnecting authenticating user admin ATTACKER_IP port 44264: Too many authentication failures [preauth]
2026-02-13T00:25:22.958322+05:30 test-host sshd[79817]: PAM 5 more authentication failures; logname= uid=0 euid=0 tty=ssh ruser= rhost=ATTACKER_IP  user=admin
2026-02-13T00:25:22.958414+05:30 test-host sshd[79817]: PAM service(sshd) ignoring max retries; 6 > 3
2026-02-13T00:25:52.747340+05:30 test-host sshd[80173]: pam_unix(sshd:auth): authentication failure; logname= uid=0 euid=0 tty=ssh ruser= rhost=ATTACKER_IP  user=admin
2026-02-13T00:25:52.760372+05:30 test-host sshd[80174]: pam_unix(sshd:auth): authentication failure; logname= uid=0 euid=0 tty=ssh ruser= rhost=ATTACKER_IP  user=admin
2026-02-13T00:25:52.770914+05:30 test-host sshd[80177]: pam_unix(sshd:auth): authentication failure; logname= uid=0 euid=0 tty=ssh ruser= rhost=ATTACKER_IP  user=admin
2026-02-13T00:25:52.771298+05:30 test-host sshd[80176]: pam_unix(sshd:auth): authentication failure; logname= uid=0 euid=0 tty=ssh ruser= rhost=ATTACKER_IP  user=admin
2026-02-13T00:25:54.893249+05:30 test-host sshd[80173]: Failed password for admin from ATTACKER_IP port 58556 ssh2
2026-02-13T00:25:54.905874+05:30 test-host sshd[80174]: Failed password for admin from ATTACKER_IP port 58558 ssh2
2026-02-13T00:25:54.916822+05:30 test-host sshd[80177]: Failed password for admin from ATTACKER_IP port 58572 ssh2
2026-02-13T00:25:54.917023+05:30 test-host sshd[80176]: Failed password for admin from ATTACKER_IP port 58562 ssh2
2026-02-13T00:25:55.044208+05:30 test-host sshd[80173]: Failed password for admin from ATTACKER_IP port 58556 ssh2
2026-02-13T00:25:56.277629+05:30 test-host sshd[80173]: Failed password for admin from ATTACKER_IP port 58556 ssh2
2026-02-13T00:25:56.278142+05:30 test-host sshd[80174]: Failed password for admin from ATTACKER_IP port 58558 ssh2
2026-02-13T00:25:56.286226+05:30 test-host sshd[80176]: Failed password for admin from ATTACKER_IP port 58562 ssh2
2026-02-13T00:25:56.286646+05:30 test-host sshd[80177]: Failed password for admin from ATTACKER_IP port 58572 ssh2
2026-02-13T00:25:59.177476+05:30 test-host sshd[80174]: Failed password for admin from ATTACKER_IP port 58558 ssh2
2026-02-13T00:25:59.189564+05:30 test-host sshd[80173]: Failed password for admin from ATTACKER_IP port 58556 ssh2
2026-02-13T00:25:59.189777+05:30 test-host sshd[80176]: Failed password for admin from ATTACKER_IP port 58562 ssh2
2026-02-13T00:25:59.198129+05:30 test-host sshd[80177]: Failed password for admin from ATTACKER_IP port 58572 ssh2
2026-02-13T00:26:02.073462+05:30 test-host sshd[80174]: Failed password for admin from ATTACKER_IP port 58558 ssh2
2026-02-13T00:26:02.086140+05:30 test-host sshd[80176]: Failed password for admin from ATTACKER_IP port 58562 ssh2
2026-02-13T00:26:02.098086+05:30 test-host sshd[80173]: Failed password for admin from ATTACKER_IP port 58556 ssh2
2026-02-13T00:26:02.105886+05:30 test-host sshd[80177]: Failed password for admin from ATTACKER_IP port 58572 ssh2
2026-02-13T00:26:06.009401+05:30 test-host sshd[80174]: Failed password for admin from ATTACKER_IP port 58558 ssh2
2026-02-13T00:26:06.018419+05:30 test-host sshd[80176]: Failed password for admin from ATTACKER_IP port 58562 ssh2
2026-02-13T00:26:06.030180+05:30 test-host sshd[80173]: Failed password for admin from ATTACKER_IP port 58556 ssh2
2026-02-13T00:26:06.040618+05:30 test-host sshd[80177]: Failed password for admin from ATTACKER_IP port 58572 ssh2
2026-02-13T00:26:06.525333+05:30 test-host sshd[80173]: error: maximum authentication attempts exceeded for admin from ATTACKER_IP port 58556 ssh2 [preauth]
2026-02-13T00:26:06.526347+05:30 test-host sshd[80173]: Disconnecting authenticating user admin ATTACKER_IP port 58556: Too many authentication failures [preauth]
2026-02-13T00:26:06.526404+05:30 test-host sshd[80173]: PAM 4 more authentication failures; logname= uid=0 euid=0 tty=ssh ruser= rhost=ATTACKER_IP  user=admin
2026-02-13T00:26:06.526425+05:30 test-host sshd[80173]: PAM service(sshd) ignoring max retries; 5 > 3
2026-02-13T00:26:08.906159+05:30 test-host sshd[80174]: Failed password for admin from ATTACKER_IP port 58558 ssh2
2026-02-13T00:26:08.915729+05:30 test-host sshd[80176]: Failed password for admin from ATTACKER_IP port 58562 ssh2
2026-02-13T00:26:08.939062+05:30 test-host sshd[80177]: Failed password for admin from ATTACKER_IP port 58572 ssh2
2026-02-13T00:26:11.087828+05:30 test-host sshd[80174]: error: maximum authentication attempts exceeded for admin from ATTACKER_IP port 58558 ssh2 [preauth]
2026-02-13T00:26:11.088014+05:30 test-host sshd[80174]: Disconnecting authenticating user admin ATTACKER_IP port 58558: Too many authentication failures [preauth]
2026-02-13T00:26:11.088069+05:30 test-host sshd[80174]: PAM 5 more authentication failures; logname= uid=0 euid=0 tty=ssh ruser= rhost=ATTACKER_IP  user=admin
2026-02-13T00:26:11.088128+05:30 test-host sshd[80174]: PAM service(sshd) ignoring max retries; 6 > 3
2026-02-13T00:26:11.095587+05:30 test-host sshd[80176]: error: maximum authentication attempts exceeded for admin from ATTACKER_IP port 58562 ssh2 [preauth]
2026-02-13T00:26:11.097694+05:30 test-host sshd[80176]: Disconnecting authenticating user admin ATTACKER_IP port 58562: Too many authentication failures [preauth]
2026-02-13T00:26:11.097784+05:30 test-host sshd[80176]: PAM 5 more authentication failures; logname= uid=0 euid=0 tty=ssh ruser= rhost=ATTACKER_IP  user=admin
2026-02-13T00:26:11.097833+05:30 test-host sshd[80176]: PAM service(sshd) ignoring max retries; 6 > 3
2026-02-13T00:26:11.120761+05:30 test-host sshd[80177]: error: maximum authentication attempts exceeded for admin from ATTACKER_IP port 58572 ssh2 [preauth]
2026-02-13T00:26:11.120949+05:30 test-host sshd[80177]: Disconnecting authenticating user admin ATTACKER_IP port 58572: Too many authentication failures [preauth]
2026-02-13T00:26:11.121013+05:30 test-host sshd[80177]: PAM 5 more authentication failures; logname= uid=0 euid=0 tty=ssh ruser= rhost=ATTACKER_IP  user=admin
2026-02-13T00:26:11.121067+05:30 test-host sshd[80177]: PAM service(sshd) ignoring max retries; 6 > 3
2026-02-13T00:26:36.337865+05:30 test-host sshd[80540]: pam_unix(sshd:auth): authentication failure; logname= uid=0 euid=0 tty=ssh ruser= rhost=ATTACKER_IP  user=admin
2026-02-13T00:26:38.524700+05:30 test-host sshd[80540]: Failed password for admin from ATTACKER_IP port 56044 ssh2
2026-02-13T00:26:38.604581+05:30 test-host sshd[80558]: pam_unix(sshd:auth): authentication failure; logname= uid=0 euid=0 tty=ssh ruser= rhost=ATTACKER_IP  user=admin
2026-02-13T00:26:38.628004+05:30 test-host sshd[80559]: pam_unix(sshd:auth): authentication failure; logname= uid=0 euid=0 tty=ssh ruser= rhost=ATTACKER_IP  user=admin
2026-02-13T00:26:38.628673+05:30 test-host sshd[80562]: pam_unix(sshd:auth): authentication failure; logname= uid=0 euid=0 tty=ssh ruser= rhost=ATTACKER_IP  user=admin
2026-02-13T00:26:40.399843+05:30 test-host sshd[80558]: Failed password for admin from ATTACKER_IP port 56058 ssh2
2026-02-13T00:26:40.424818+05:30 test-host sshd[80540]: Failed password for admin from ATTACKER_IP port 56044 ssh2
2026-02-13T00:26:40.425916+05:30 test-host sshd[80562]: Failed password for admin from ATTACKER_IP port 56070 ssh2
2026-02-13T00:26:40.426359+05:30 test-host sshd[80559]: Failed password for admin from ATTACKER_IP port 56066 ssh2
2026-02-13T00:26:42.629615+05:30 test-host sshd[80558]: Failed password for admin from ATTACKER_IP port 56058 ssh2
2026-02-13T00:26:42.647940+05:30 test-host sshd[80559]: Failed password for admin from ATTACKER_IP port 56066 ssh2
2026-02-13T00:26:42.657852+05:30 test-host sshd[80540]: Failed password for admin from ATTACKER_IP port 56044 ssh2
2026-02-13T00:26:42.658963+05:30 test-host sshd[80562]: Failed password for admin from ATTACKER_IP port 56070 ssh2
2026-02-13T00:26:45.000788+05:30 test-host sshd[80558]: Failed password for admin from ATTACKER_IP port 56058 ssh2
2026-02-13T00:26:45.018463+05:30 test-host sshd[80559]: Failed password for admin from ATTACKER_IP port 56066 ssh2
2026-02-13T00:26:45.029912+05:30 test-host sshd[80540]: Failed password for admin from ATTACKER_IP port 56044 ssh2
2026-02-13T00:26:45.030494+05:30 test-host sshd[80562]: Failed password for admin from ATTACKER_IP port 56070 ssh2
2026-02-13T00:26:47.567243+05:30 test-host sshd[80558]: Failed password for admin from ATTACKER_IP port 56058 ssh2
2026-02-13T00:26:47.582118+05:30 test-host sshd[80559]: Failed password for admin from ATTACKER_IP port 56066 ssh2
2026-02-13T00:26:47.594886+05:30 test-host sshd[80562]: Failed password for admin from ATTACKER_IP port 56070 ssh2
2026-02-13T00:26:47.595502+05:30 test-host sshd[80540]: Failed password for admin from ATTACKER_IP port 56044 ssh2
2026-02-13T00:26:49.797345+05:30 test-host sshd[80558]: Failed password for admin from ATTACKER_IP port 56058 ssh2
2026-02-13T00:26:49.814165+05:30 test-host sshd[80559]: Failed password for admin from ATTACKER_IP port 56066 ssh2
2026-02-13T00:26:49.827093+05:30 test-host sshd[80540]: Failed password for admin from ATTACKER_IP port 56044 ssh2
2026-02-13T00:26:49.827862+05:30 test-host sshd[80562]: Failed password for admin from ATTACKER_IP port 56070 ssh2
2026-02-13T00:26:50.085010+05:30 test-host sshd[80540]: error: maximum authentication attempts exceeded for admin from ATTACKER_IP port 56044 ssh2 [preauth]
2026-02-13T00:26:50.087517+05:30 test-host sshd[80540]: Disconnecting authenticating user admin ATTACKER_IP port 56044: Too many authentication failures [preauth]
2026-02-13T00:26:50.087610+05:30 test-host sshd[80540]: PAM 5 more authentication failures; logname= uid=0 euid=0 tty=ssh ruser= rhost=ATTACKER_IP  user=admin
2026-02-13T00:26:50.087708+05:30 test-host sshd[80540]: PAM service(sshd) ignoring max retries; 6 > 3
2026-02-13T00:26:51.831535+05:30 test-host sshd[80558]: Failed password for admin from ATTACKER_IP port 56058 ssh2
2026-02-13T00:26:51.849385+05:30 test-host sshd[80559]: Failed password for admin from ATTACKER_IP port 56066 ssh2
2026-02-13T00:26:51.862333+05:30 test-host sshd[80562]: Failed password for admin from ATTACKER_IP port 56070 ssh2
2026-02-13T00:26:52.348513+05:30 test-host sshd[80558]: error: maximum authentication attempts exceeded for admin from ATTACKER_IP port 56058 ssh2 [preauth]
2026-02-13T00:26:52.348726+05:30 test-host sshd[80558]: Disconnecting authenticating user admin ATTACKER_IP port 56058: Too many authentication failures [preauth]
2026-02-13T00:26:52.348783+05:30 test-host sshd[80558]: PAM 5 more authentication failures; logname= uid=0 euid=0 tty=ssh ruser= rhost=ATTACKER_IP  user=admin
2026-02-13T00:26:52.348826+05:30 test-host sshd[80558]: PAM service(sshd) ignoring max retries; 6 > 3
2026-02-13T00:26:52.364129+05:30 test-host sshd[80559]: error: maximum authentication attempts exceeded for admin from ATTACKER_IP port 56066 ssh2 [preauth]
2026-02-13T00:26:52.365754+05:30 test-host sshd[80559]: Disconnecting authenticating user admin ATTACKER_IP port 56066: Too many authentication failures [preauth]
2026-02-13T00:26:52.366184+05:30 test-host sshd[80559]: PAM 5 more authentication failures; logname= uid=0 euid=0 tty=ssh ruser= rhost=ATTACKER_IP  user=admin
2026-02-13T00:26:52.367545+05:30 test-host sshd[80559]: PAM service(sshd) ignoring max retries; 6 > 3
2026-02-13T00:26:52.376723+05:30 test-host sshd[80562]: error: maximum authentication attempts exceeded for admin from ATTACKER_IP port 56070 ssh2 [preauth]
2026-02-13T00:26:52.380187+05:30 test-host sshd[80562]: Disconnecting authenticating user admin ATTACKER_IP port 56070: Too many authentication failures [preauth]
2026-02-13T00:26:52.380304+05:30 test-host sshd[80562]: PAM 5 more authentication failures; logname= uid=0 euid=0 tty=ssh ruser= rhost=ATTACKER_IP  user=admin
2026-02-13T00:26:52.380367+05:30 test-host sshd[80562]: PAM service(sshd) ignoring max retries; 6 > 3
2026-02-13T00:27:19.895758+05:30 test-host sshd[80892]: pam_unix(sshd:auth): authentication failure; logname= uid=0 euid=0 tty=ssh ruser= rhost=ATTACKER_IP  user=admin
2026-02-13T00:27:21.987451+05:30 test-host sshd[80892]: Failed password for admin from ATTACKER_IP port 47990 ssh2
2026-02-13T00:27:22.165717+05:30 test-host sshd[80910]: pam_unix(sshd:auth): authentication failure; logname= uid=0 euid=0 tty=ssh ruser= rhost=ATTACKER_IP  user=admin
2026-02-13T00:27:22.172704+05:30 test-host sshd[80911]: pam_unix(sshd:auth): authentication failure; logname= uid=0 euid=0 tty=ssh ruser= rhost=ATTACKER_IP  user=admin
2026-02-13T00:27:22.175841+05:30 test-host sshd[80913]: pam_unix(sshd:auth): authentication failure; logname= uid=0 euid=0 tty=ssh ruser= rhost=ATTACKER_IP  user=admin
2026-02-13T00:27:23.999648+05:30 test-host sshd[80910]: Failed password for admin from ATTACKER_IP port 48002 ssh2
2026-02-13T00:27:24.005906+05:30 test-host sshd[80911]: Failed password for admin from ATTACKER_IP port 48008 ssh2
2026-02-13T00:27:24.010127+05:30 test-host sshd[80913]: Failed password for admin from ATTACKER_IP port 48010 ssh2
2026-02-13T00:27:24.021266+05:30 test-host sshd[80892]: Failed password for admin from ATTACKER_IP port 47990 ssh2
2026-02-13T00:27:26.898317+05:30 test-host sshd[80910]: Failed password for admin from ATTACKER_IP port 48002 ssh2
2026-02-13T00:27:26.910205+05:30 test-host sshd[80911]: Failed password for admin from ATTACKER_IP port 48008 ssh2
2026-02-13T00:27:26.910523+05:30 test-host sshd[80913]: Failed password for admin from ATTACKER_IP port 48010 ssh2
2026-02-13T00:27:26.917793+05:30 test-host sshd[80892]: Failed password for admin from ATTACKER_IP port 47990 ssh2
2026-02-13T00:27:31.165414+05:30 test-host sshd[80910]: Failed password for admin from ATTACKER_IP port 48002 ssh2
2026-02-13T00:27:31.175174+05:30 test-host sshd[80911]: Failed password for admin from ATTACKER_IP port 48008 ssh2
2026-02-13T00:27:31.175484+05:30 test-host sshd[80913]: Failed password for admin from ATTACKER_IP port 48010 ssh2
2026-02-13T00:27:31.185838+05:30 test-host sshd[80892]: Failed password for admin from ATTACKER_IP port 47990 ssh2
2026-02-13T00:27:33.398460+05:30 test-host sshd[80910]: Failed password for admin from ATTACKER_IP port 48002 ssh2
2026-02-13T00:27:33.406592+05:30 test-host sshd[80913]: Failed password for admin from ATTACKER_IP port 48010 ssh2
2026-02-13T00:27:33.417509+05:30 test-host sshd[80911]: Failed password for admin from ATTACKER_IP port 48008 ssh2
2026-02-13T00:27:33.427288+05:30 test-host sshd[80892]: Failed password for admin from ATTACKER_IP port 47990 ssh2
2026-02-13T00:27:35.297710+05:30 test-host sshd[80910]: Failed password for admin from ATTACKER_IP port 48002 ssh2
2026-02-13T00:27:35.306533+05:30 test-host sshd[80913]: Failed password for admin from ATTACKER_IP port 48010 ssh2
2026-02-13T00:27:35.316309+05:30 test-host sshd[80911]: Failed password for admin from ATTACKER_IP port 48008 ssh2
2026-02-13T00:27:35.326926+05:30 test-host sshd[80892]: Failed password for admin from ATTACKER_IP port 47990 ssh2
2026-02-13T00:27:35.937141+05:30 test-host sshd[80892]: error: maximum authentication attempts exceeded for admin from ATTACKER_IP port 47990 ssh2 [preauth]
2026-02-13T00:27:35.937337+05:30 test-host sshd[80892]: Disconnecting authenticating user admin ATTACKER_IP port 47990: Too many authentication failures [preauth]
2026-02-13T00:27:35.940102+05:30 test-host sshd[80892]: PAM 5 more authentication failures; logname= uid=0 euid=0 tty=ssh ruser= rhost=ATTACKER_IP  user=admin
2026-02-13T00:27:35.940197+05:30 test-host sshd[80892]: PAM service(sshd) ignoring max retries; 6 > 3
2026-02-13T00:27:38.193485+05:30 test-host sshd[80910]: Failed password for admin from ATTACKER_IP port 48002 ssh2
2026-02-13T00:27:38.198217+05:30 test-host sshd[80910]: error: maximum authentication attempts exceeded for admin from ATTACKER_IP port 48002 ssh2 [preauth]
2026-02-13T00:27:38.198265+05:30 test-host sshd[80910]: Disconnecting authenticating user admin ATTACKER_IP port 48002: Too many authentication failures [preauth]
2026-02-13T00:27:38.198295+05:30 test-host sshd[80910]: PAM 5 more authentication failures; logname= uid=0 euid=0 tty=ssh ruser= rhost=ATTACKER_IP  user=admin
2026-02-13T00:27:38.198314+05:30 test-host sshd[80910]: PAM service(sshd) ignoring max retries; 6 > 3
2026-02-13T00:27:38.201596+05:30 test-host sshd[80913]: Failed password for admin from ATTACKER_IP port 48010 ssh2
2026-02-13T00:27:38.208033+05:30 test-host sshd[80913]: error: maximum authentication attempts exceeded for admin from ATTACKER_IP port 48010 ssh2 [preauth]
2026-02-13T00:27:38.208074+05:30 test-host sshd[80913]: Disconnecting authenticating user admin ATTACKER_IP port 48010: Too many authentication failures [preauth]
2026-02-13T00:27:38.208093+05:30 test-host sshd[80913]: PAM 5 more authentication failures; logname= uid=0 euid=0 tty=ssh ruser= rhost=ATTACKER_IP  user=admin
2026-02-13T00:27:38.208138+05:30 test-host sshd[80913]: PAM service(sshd) ignoring max retries; 6 > 3
2026-02-13T00:27:38.213343+05:30 test-host sshd[80911]: Failed password for admin from ATTACKER_IP port 48008 ssh2
2026-02-13T00:27:38.218757+05:30 test-host sshd[80911]: error: maximum authentication attempts exceeded for admin from ATTACKER_IP port 48008 ssh2 [preauth]
2026-02-13T00:27:38.218806+05:30 test-host sshd[80911]: Disconnecting authenticating user admin ATTACKER_IP port 48008: Too many authentication failures [preauth]
2026-02-13T00:27:38.218836+05:30 test-host sshd[80911]: PAM 5 more authentication failures; logname= uid=0 euid=0 tty=ssh ruser= rhost=ATTACKER_IP  user=admin
2026-02-13T00:27:38.218853+05:30 test-host sshd[80911]: PAM service(sshd) ignoring max retries; 6 > 3
2026-02-13T00:28:05.751800+05:30 test-host sshd[81268]: pam_unix(sshd:auth): authentication failure; logname= uid=0 euid=0 tty=ssh ruser= rhost=ATTACKER_IP  user=admin
2026-02-13T00:28:07.822814+05:30 test-host sshd[81268]: Failed password for admin from ATTACKER_IP port 52442 ssh2
2026-02-13T00:28:08.027390+05:30 test-host sshd[81286]: pam_unix(sshd:auth): authentication failure; logname= uid=0 euid=0 tty=ssh ruser= rhost=ATTACKER_IP  user=admin
2026-02-13T00:28:08.034393+05:30 test-host sshd[81288]: pam_unix(sshd:auth): authentication failure; logname= uid=0 euid=0 tty=ssh ruser= rhost=ATTACKER_IP  user=admin
2026-02-13T00:28:08.034783+05:30 test-host sshd[81287]: pam_unix(sshd:auth): authentication failure; logname= uid=0 euid=0 tty=ssh ruser= rhost=ATTACKER_IP  user=admin
2026-02-13T00:28:09.843465+05:30 test-host sshd[81286]: Failed password for admin from ATTACKER_IP port 52444 ssh2
2026-02-13T00:28:09.849131+05:30 test-host sshd[81288]: Failed password for admin from ATTACKER_IP port 52456 ssh2
2026-02-13T00:28:09.849396+05:30 test-host sshd[81287]: Failed password for admin from ATTACKER_IP port 52448 ssh2
2026-02-13T00:28:09.855132+05:30 test-host sshd[81268]: Failed password for admin from ATTACKER_IP port 52442 ssh2
2026-02-13T00:28:12.077709+05:30 test-host sshd[81286]: Failed password for admin from ATTACKER_IP port 52444 ssh2
2026-02-13T00:28:12.088013+05:30 test-host sshd[81288]: Failed password for admin from ATTACKER_IP port 52456 ssh2
2026-02-13T00:28:12.088605+05:30 test-host sshd[81287]: Failed password for admin from ATTACKER_IP port 52448 ssh2
2026-02-13T00:28:12.098444+05:30 test-host sshd[81268]: Failed password for admin from ATTACKER_IP port 52442 ssh2
2026-02-13T00:28:14.976997+05:30 test-host sshd[81286]: Failed password for admin from ATTACKER_IP port 52444 ssh2
2026-02-13T00:28:14.985999+05:30 test-host sshd[81288]: Failed password for admin from ATTACKER_IP port 52456 ssh2
2026-02-13T00:28:14.986238+05:30 test-host sshd[81287]: Failed password for admin from ATTACKER_IP port 52448 ssh2
2026-02-13T00:28:14.996057+05:30 test-host sshd[81268]: Failed password for admin from ATTACKER_IP port 52442 ssh2
2026-02-13T00:28:19.575271+05:30 test-host sshd[81286]: Failed password for admin from ATTACKER_IP port 52444 ssh2
2026-02-13T00:28:19.585993+05:30 test-host sshd[81287]: Failed password for admin from ATTACKER_IP port 52448 ssh2
2026-02-13T00:28:19.586550+05:30 test-host sshd[81288]: Failed password for admin from ATTACKER_IP port 52456 ssh2
2026-02-13T00:28:19.599246+05:30 test-host sshd[81268]: Failed password for admin from ATTACKER_IP port 52442 ssh2
2026-02-13T00:28:23.038830+05:30 test-host sshd[81286]: Failed password for admin from ATTACKER_IP port 52444 ssh2
2026-02-13T00:28:23.048862+05:30 test-host sshd[81287]: Failed password for admin from ATTACKER_IP port 52448 ssh2
2026-02-13T00:28:23.058725+05:30 test-host sshd[81288]: Failed password for admin from ATTACKER_IP port 52456 ssh2
2026-02-13T00:28:23.070099+05:30 test-host sshd[81268]: Failed password for admin from ATTACKER_IP port 52442 ssh2
2026-02-13T00:28:24.096153+05:30 test-host sshd[81268]: error: maximum authentication attempts exceeded for admin from ATTACKER_IP port 52442 ssh2 [preauth]
2026-02-13T00:28:24.096368+05:30 test-host sshd[81268]: Disconnecting authenticating user admin ATTACKER_IP port 52442: Too many authentication failures [preauth]
2026-02-13T00:28:24.096441+05:30 test-host sshd[81268]: PAM 5 more authentication failures; logname= uid=0 euid=0 tty=ssh ruser= rhost=ATTACKER_IP  user=admin
2026-02-13T00:28:24.096497+05:30 test-host sshd[81268]: PAM service(sshd) ignoring max retries; 6 > 3
2026-02-13T00:28:26.405804+05:30 test-host sshd[81286]: Failed password for admin from ATTACKER_IP port 52444 ssh2
2026-02-13T00:28:26.418089+05:30 test-host sshd[81287]: Failed password for admin from ATTACKER_IP port 52448 ssh2
2026-02-13T00:28:26.427355+05:30 test-host sshd[81288]: Failed password for admin from ATTACKER_IP port 52456 ssh2
2026-02-13T00:28:28.644767+05:30 test-host sshd[81286]: error: maximum authentication attempts exceeded for admin from ATTACKER_IP port 52444 ssh2 [preauth]
2026-02-13T00:28:28.645046+05:30 test-host sshd[81286]: Disconnecting authenticating user admin ATTACKER_IP port 52444: Too many authentication failures [preauth]
2026-02-13T00:28:28.645110+05:30 test-host sshd[81286]: PAM 5 more authentication failures; logname= uid=0 euid=0 tty=ssh ruser= rhost=ATTACKER_IP  user=admin
2026-02-13T00:28:28.645160+05:30 test-host sshd[81286]: PAM service(sshd) ignoring max retries; 6 > 3
2026-02-13T00:28:28.651939+05:30 test-host sshd[81287]: error: maximum authentication attempts exceeded for admin from ATTACKER_IP port 52448 ssh2 [preauth]
2026-02-13T00:28:28.652113+05:30 test-host sshd[81287]: Disconnecting authenticating user admin ATTACKER_IP port 52448: Too many authentication failures [preauth]
2026-02-13T00:28:28.653981+05:30 test-host sshd[81287]: PAM 5 more authentication failures; logname= uid=0 euid=0 tty=ssh ruser= rhost=ATTACKER_IP  user=admin
2026-02-13T00:28:28.654093+05:30 test-host sshd[81287]: PAM service(sshd) ignoring max retries; 6 > 3
2026-02-13T00:28:28.663976+05:30 test-host sshd[81288]: error: maximum authentication attempts exceeded for admin from ATTACKER_IP port 52456 ssh2 [preauth]
2026-02-13T00:28:28.665652+05:30 test-host sshd[81288]: Disconnecting authenticating user admin ATTACKER_IP port 52456: Too many authentication failures [preauth]
2026-02-13T00:28:28.665760+05:30 test-host sshd[81288]: PAM 5 more authentication failures; logname= uid=0 euid=0 tty=ssh ruser= rhost=ATTACKER_IP  user=admin
2026-02-13T00:28:28.665812+05:30 test-host sshd[81288]: PAM service(sshd) ignoring max retries; 6 > 3
2026-02-13T00:28:53.907498+05:30 test-host sshd[81660]: pam_unix(sshd:auth): authentication failure; logname= uid=0 euid=0 tty=ssh ruser= rhost=ATTACKER_IP  user=admin
2026-02-13T00:28:56.166695+05:30 test-host sshd[81678]: pam_unix(sshd:auth): authentication failure; logname= uid=0 euid=0 tty=ssh ruser= rhost=ATTACKER_IP  user=admin
2026-02-13T00:28:56.182531+05:30 test-host sshd[81679]: pam_unix(sshd:auth): authentication failure; logname= uid=0 euid=0 tty=ssh ruser= rhost=ATTACKER_IP  user=admin
2026-02-13T00:28:56.183208+05:30 test-host sshd[81681]: pam_unix(sshd:auth): authentication failure; logname= uid=0 euid=0 tty=ssh ruser= rhost=ATTACKER_IP  user=admin
2026-02-13T00:28:56.234743+05:30 test-host sshd[81660]: Failed password for admin from ATTACKER_IP port 36816 ssh2
2026-02-13T00:28:57.905940+05:30 test-host sshd[81678]: Failed password for admin from ATTACKER_IP port 36820 ssh2
2026-02-13T00:28:57.919881+05:30 test-host sshd[81679]: Failed password for admin from ATTACKER_IP port 36824 ssh2
2026-02-13T00:28:57.921714+05:30 test-host sshd[81681]: Failed password for admin from ATTACKER_IP port 36834 ssh2
2026-02-13T00:29:00.470331+05:30 test-host sshd[81678]: Failed password for admin from ATTACKER_IP port 36820 ssh2
2026-02-13T00:29:00.482664+05:30 test-host sshd[81679]: Failed password for admin from ATTACKER_IP port 36824 ssh2
2026-02-13T00:29:00.494902+05:30 test-host sshd[81681]: Failed password for admin from ATTACKER_IP port 36834 ssh2
2026-02-13T00:29:00.504356+05:30 test-host sshd[81660]: Failed password for admin from ATTACKER_IP port 36816 ssh2
2026-02-13T00:29:03.369507+05:30 test-host sshd[81678]: Failed password for admin from ATTACKER_IP port 36820 ssh2
2026-02-13T00:29:03.378298+05:30 test-host sshd[81679]: Failed password for admin from ATTACKER_IP port 36824 ssh2
2026-02-13T00:29:03.390262+05:30 test-host sshd[81681]: Failed password for admin from ATTACKER_IP port 36834 ssh2
2026-02-13T00:29:03.401987+05:30 test-host sshd[81660]: Failed password for admin from ATTACKER_IP port 36816 ssh2
2026-02-13T00:29:07.301355+05:30 test-host sshd[81678]: Failed password for admin from ATTACKER_IP port 36820 ssh2
2026-02-13T00:29:07.312794+05:30 test-host sshd[81679]: Failed password for admin from ATTACKER_IP port 36824 ssh2
2026-02-13T00:29:07.325465+05:30 test-host sshd[81681]: Failed password for admin from ATTACKER_IP port 36834 ssh2
2026-02-13T00:29:07.333631+05:30 test-host sshd[81660]: Failed password for admin from ATTACKER_IP port 36816 ssh2
2026-02-13T00:29:09.867793+05:30 test-host sshd[81678]: Failed password for admin from ATTACKER_IP port 36820 ssh2
2026-02-13T00:29:09.877951+05:30 test-host sshd[81679]: Failed password for admin from ATTACKER_IP port 36824 ssh2
2026-02-13T00:29:09.890694+05:30 test-host sshd[81681]: Failed password for admin from ATTACKER_IP port 36834 ssh2
2026-02-13T00:29:09.902013+05:30 test-host sshd[81660]: Failed password for admin from ATTACKER_IP port 36816 ssh2
2026-02-13T00:29:12.098632+05:30 test-host sshd[81678]: Failed password for admin from ATTACKER_IP port 36820 ssh2
2026-02-13T00:29:12.108097+05:30 test-host sshd[81679]: Failed password for admin from ATTACKER_IP port 36824 ssh2
2026-02-13T00:29:12.122753+05:30 test-host sshd[81681]: Failed password for admin from ATTACKER_IP port 36834 ssh2
2026-02-13T00:29:12.132626+05:30 test-host sshd[81660]: Failed password for admin from ATTACKER_IP port 36816 ssh2
2026-02-13T00:29:12.198358+05:30 test-host sshd[81678]: error: maximum authentication attempts exceeded for admin from ATTACKER_IP port 36820 ssh2 [preauth]
2026-02-13T00:29:12.198785+05:30 test-host sshd[81678]: Disconnecting authenticating user admin ATTACKER_IP port 36820: Too many authentication failures [preauth]
2026-02-13T00:29:12.201401+05:30 test-host sshd[81678]: PAM 5 more authentication failures; logname= uid=0 euid=0 tty=ssh ruser= rhost=ATTACKER_IP  user=admin
2026-02-13T00:29:12.201475+05:30 test-host sshd[81678]: PAM service(sshd) ignoring max retries; 6 > 3
2026-02-13T00:29:12.209100+05:30 test-host sshd[81679]: error: maximum authentication attempts exceeded for admin from ATTACKER_IP port 36824 ssh2 [preauth]
2026-02-13T00:29:12.209484+05:30 test-host sshd[81679]: Disconnecting authenticating user admin ATTACKER_IP port 36824: Too many authentication failures [preauth]
2026-02-13T00:29:12.211349+05:30 test-host sshd[81679]: PAM 5 more authentication failures; logname= uid=0 euid=0 tty=ssh ruser= rhost=ATTACKER_IP  user=admin
2026-02-13T00:29:12.211433+05:30 test-host sshd[81679]: PAM service(sshd) ignoring max retries; 6 > 3
2026-02-13T00:29:12.221061+05:30 test-host sshd[81681]: error: maximum authentication attempts exceeded for admin from ATTACKER_IP port 36834 ssh2 [preauth]
2026-02-13T00:29:12.221452+05:30 test-host sshd[81681]: Disconnecting authenticating user admin ATTACKER_IP port 36834: Too many authentication failures [preauth]
2026-02-13T00:29:12.224105+05:30 test-host sshd[81681]: PAM 5 more authentication failures; logname= uid=0 euid=0 tty=ssh ruser= rhost=ATTACKER_IP  user=admin
2026-02-13T00:29:12.224261+05:30 test-host sshd[81681]: PAM service(sshd) ignoring max retries; 6 > 3
2026-02-13T00:29:12.233277+05:30 test-host sshd[81660]: error: maximum authentication attempts exceeded for admin from ATTACKER_IP port 36816 ssh2 [preauth]
2026-02-13T00:29:12.237081+05:30 test-host sshd[81660]: Disconnecting authenticating user admin ATTACKER_IP port 36816: Too many authentication failures [preauth]
2026-02-13T00:29:12.237156+05:30 test-host sshd[81660]: PAM 5 more authentication failures; logname= uid=0 euid=0 tty=ssh ruser= rhost=ATTACKER_IP  user=admin
2026-02-13T00:29:12.237207+05:30 test-host sshd[81660]: PAM service(sshd) ignoring max retries; 6 > 3
2026-02-13T00:29:42.027876+05:30 test-host sshd[82052]: pam_unix(sshd:auth): authentication failure; logname= uid=0 euid=0 tty=ssh ruser= rhost=ATTACKER_IP  user=admin
2026-02-13T00:29:42.045742+05:30 test-host sshd[82053]: pam_unix(sshd:auth): authentication failure; logname= uid=0 euid=0 tty=ssh ruser= rhost=ATTACKER_IP  user=admin
2026-02-13T00:29:42.049524+05:30 test-host sshd[82054]: pam_unix(sshd:auth): authentication failure; logname= uid=0 euid=0 tty=ssh ruser= rhost=ATTACKER_IP  user=admin
2026-02-13T00:29:42.049964+05:30 test-host sshd[82056]: pam_unix(sshd:auth): authentication failure; logname= uid=0 euid=0 tty=ssh ruser= rhost=ATTACKER_IP  user=admin
2026-02-13T00:29:44.081984+05:30 test-host sshd[82052]: Failed password for admin from ATTACKER_IP port 44544 ssh2
2026-02-13T00:29:44.101282+05:30 test-host sshd[82053]: Failed password for admin from ATTACKER_IP port 44556 ssh2
2026-02-13T00:29:44.102623+05:30 test-host sshd[82054]: Failed password for admin from ATTACKER_IP port 44560 ssh2
2026-02-13T00:29:44.104526+05:30 test-host sshd[82056]: Failed password for admin from ATTACKER_IP port 44574 ssh2
2026-02-13T00:29:46.321886+05:30 test-host sshd[82052]: Failed password for admin from ATTACKER_IP port 44544 ssh2
2026-02-13T00:29:46.333995+05:30 test-host sshd[82053]: Failed password for admin from ATTACKER_IP port 44556 ssh2
2026-02-13T00:29:46.334254+05:30 test-host sshd[82054]: Failed password for admin from ATTACKER_IP port 44560 ssh2
2026-02-13T00:29:46.341886+05:30 test-host sshd[82056]: Failed password for admin from ATTACKER_IP port 44574 ssh2
2026-02-13T00:29:48.885986+05:30 test-host sshd[82052]: Failed password for admin from ATTACKER_IP port 44544 ssh2
2026-02-13T00:29:48.899136+05:30 test-host sshd[82054]: Failed password for admin from ATTACKER_IP port 44560 ssh2
2026-02-13T00:29:48.908965+05:30 test-host sshd[82053]: Failed password for admin from ATTACKER_IP port 44556 ssh2
2026-02-13T00:29:48.918887+05:30 test-host sshd[82056]: Failed password for admin from ATTACKER_IP port 44574 ssh2
2026-02-13T00:29:51.118252+05:30 test-host sshd[82052]: Failed password for admin from ATTACKER_IP port 44544 ssh2
2026-02-13T00:29:51.128989+05:30 test-host sshd[82054]: Failed password for admin from ATTACKER_IP port 44560 ssh2
2026-02-13T00:29:51.139000+05:30 test-host sshd[82053]: Failed password for admin from ATTACKER_IP port 44556 ssh2
2026-02-13T00:29:51.150917+05:30 test-host sshd[82056]: Failed password for admin from ATTACKER_IP port 44574 ssh2
2026-02-13T00:29:52.819625+05:30 test-host sshd[82052]: Failed password for admin from ATTACKER_IP port 44544 ssh2
2026-02-13T00:29:52.830037+05:30 test-host sshd[82054]: Failed password for admin from ATTACKER_IP port 44560 ssh2
2026-02-13T00:29:52.842657+05:30 test-host sshd[82053]: Failed password for admin from ATTACKER_IP port 44556 ssh2
2026-02-13T00:29:52.854350+05:30 test-host sshd[82056]: Failed password for admin from ATTACKER_IP port 44574 ssh2
2026-02-13T00:29:55.050027+05:30 test-host sshd[82052]: Failed password for admin from ATTACKER_IP port 44544 ssh2
2026-02-13T00:29:55.062371+05:30 test-host sshd[82054]: Failed password for admin from ATTACKER_IP port 44560 ssh2
2026-02-13T00:29:55.072968+05:30 test-host sshd[82053]: Failed password for admin from ATTACKER_IP port 44556 ssh2
2026-02-13T00:29:55.084019+05:30 test-host sshd[82056]: Failed password for admin from ATTACKER_IP port 44574 ssh2
2026-02-13T00:29:55.778318+05:30 test-host sshd[82052]: error: maximum authentication attempts exceeded for admin from ATTACKER_IP port 44544 ssh2 [preauth]
2026-02-13T00:29:55.778717+05:30 test-host sshd[82052]: Disconnecting authenticating user admin ATTACKER_IP port 44544: Too many authentication failures [preauth]
2026-02-13T00:29:55.781263+05:30 test-host sshd[82052]: PAM 5 more authentication failures; logname= uid=0 euid=0 tty=ssh ruser= rhost=ATTACKER_IP  user=admin
2026-02-13T00:29:55.781767+05:30 test-host sshd[82052]: PAM service(sshd) ignoring max retries; 6 > 3
2026-02-13T00:29:55.789215+05:30 test-host sshd[82054]: error: maximum authentication attempts exceeded for admin from ATTACKER_IP port 44560 ssh2 [preauth]
2026-02-13T00:29:55.789321+05:30 test-host sshd[82054]: Disconnecting authenticating user admin ATTACKER_IP port 44560: Too many authentication failures [preauth]
2026-02-13T00:29:55.789366+05:30 test-host sshd[82054]: PAM 5 more authentication failures; logname= uid=0 euid=0 tty=ssh ruser= rhost=ATTACKER_IP  user=admin
2026-02-13T00:29:55.789401+05:30 test-host sshd[82054]: PAM service(sshd) ignoring max retries; 6 > 3
2026-02-13T00:29:55.798015+05:30 test-host sshd[82053]: error: maximum authentication attempts exceeded for admin from ATTACKER_IP port 44556 ssh2 [preauth]
2026-02-13T00:29:55.798504+05:30 test-host sshd[82053]: Disconnecting authenticating user admin ATTACKER_IP port 44556: Too many authentication failures [preauth]
2026-02-13T00:29:55.800159+05:30 test-host sshd[82053]: PAM 5 more authentication failures; logname= uid=0 euid=0 tty=ssh ruser= rhost=ATTACKER_IP  user=admin
2026-02-13T00:29:55.800400+05:30 test-host sshd[82053]: PAM service(sshd) ignoring max retries; 6 > 3
2026-02-13T00:29:55.811046+05:30 test-host sshd[82056]: error: maximum authentication attempts exceeded for admin from ATTACKER_IP port 44574 ssh2 [preauth]
2026-02-13T00:29:55.812234+05:30 test-host sshd[82056]: Disconnecting authenticating user admin ATTACKER_IP port 44574: Too many authentication failures [preauth]
2026-02-13T00:29:55.812299+05:30 test-host sshd[82056]: PAM 5 more authentication failures; logname= uid=0 euid=0 tty=ssh ruser= rhost=ATTACKER_IP  user=admin
2026-02-13T00:29:55.812325+05:30 test-host sshd[82056]: PAM service(sshd) ignoring max retries; 6 > 3
2026-02-13T00:30:25.600019+05:30 test-host sshd[82405]: pam_unix(sshd:auth): authentication failure; logname= uid=0 euid=0 tty=ssh ruser= rhost=ATTACKER_IP  user=admin
2026-02-13T00:30:25.621536+05:30 test-host sshd[82406]: pam_unix(sshd:auth): authentication failure; logname= uid=0 euid=0 tty=ssh ruser= rhost=ATTACKER_IP  user=admin
2026-02-13T00:30:25.624388+05:30 test-host sshd[82407]: pam_unix(sshd:auth): authentication failure; logname= uid=0 euid=0 tty=ssh ruser= rhost=ATTACKER_IP  user=admin
2026-02-13T00:30:25.629111+05:30 test-host sshd[82409]: pam_unix(sshd:auth): authentication failure; logname= uid=0 euid=0 tty=ssh ruser= rhost=ATTACKER_IP  user=admin
2026-02-13T00:30:27.889858+05:30 test-host sshd[82405]: Failed password for admin from ATTACKER_IP port 42270 ssh2
2026-02-13T00:30:27.910909+05:30 test-host sshd[82406]: Failed password for admin from ATTACKER_IP port 42278 ssh2
2026-02-13T00:30:27.914114+05:30 test-host sshd[82407]: Failed password for admin from ATTACKER_IP port 42286 ssh2
2026-02-13T00:30:27.920058+05:30 test-host sshd[82409]: Failed password for admin from ATTACKER_IP port 42302 ssh2
2026-02-13T00:30:29.814748+05:30 test-host sshd[82407]: Failed password for admin from ATTACKER_IP port 42286 ssh2
2026-02-13T00:30:31.825548+05:30 test-host sshd[82405]: Failed password for admin from ATTACKER_IP port 42270 ssh2
2026-02-13T00:30:31.837362+05:30 test-host sshd[82406]: Failed password for admin from ATTACKER_IP port 42278 ssh2
2026-02-13T00:30:31.850885+05:30 test-host sshd[82407]: Failed password for admin from ATTACKER_IP port 42286 ssh2
2026-02-13T00:30:31.860283+05:30 test-host sshd[82409]: Failed password for admin from ATTACKER_IP port 42302 ssh2
2026-02-13T00:30:34.722226+05:30 test-host sshd[82405]: Failed password for admin from ATTACKER_IP port 42270 ssh2
2026-02-13T00:30:34.735474+05:30 test-host sshd[82406]: Failed password for admin from ATTACKER_IP port 42278 ssh2
2026-02-13T00:30:34.747344+05:30 test-host sshd[82407]: Failed password for admin from ATTACKER_IP port 42286 ssh2
2026-02-13T00:30:34.757847+05:30 test-host sshd[82409]: Failed password for admin from ATTACKER_IP port 42302 ssh2
2026-02-13T00:30:36.621963+05:30 test-host sshd[82405]: Failed password for admin from ATTACKER_IP port 42270 ssh2
2026-02-13T00:30:36.635419+05:30 test-host sshd[82406]: Failed password for admin from ATTACKER_IP port 42278 ssh2
2026-02-13T00:30:36.645790+05:30 test-host sshd[82407]: Failed password for admin from ATTACKER_IP port 42286 ssh2
2026-02-13T00:30:36.656324+05:30 test-host sshd[82409]: Failed password for admin from ATTACKER_IP port 42302 ssh2
2026-02-13T00:30:39.325759+05:30 test-host sshd[82405]: Failed password for admin from ATTACKER_IP port 42270 ssh2
2026-02-13T00:30:39.335453+05:30 test-host sshd[82406]: Failed password for admin from ATTACKER_IP port 42278 ssh2
2026-02-13T00:30:39.347901+05:30 test-host sshd[82407]: Failed password for admin from ATTACKER_IP port 42286 ssh2
2026-02-13T00:30:39.357485+05:30 test-host sshd[82409]: Failed password for admin from ATTACKER_IP port 42302 ssh2
2026-02-13T00:30:39.368643+05:30 test-host sshd[82407]: error: maximum authentication attempts exceeded for admin from ATTACKER_IP port 42286 ssh2 [preauth]
2026-02-13T00:30:39.368878+05:30 test-host sshd[82407]: Disconnecting authenticating user admin ATTACKER_IP port 42286: Too many authentication failures [preauth]
2026-02-13T00:30:39.368936+05:30 test-host sshd[82407]: PAM 5 more authentication failures; logname= uid=0 euid=0 tty=ssh ruser= rhost=ATTACKER_IP  user=admin
2026-02-13T00:30:39.368981+05:30 test-host sshd[82407]: PAM service(sshd) ignoring max retries; 6 > 3
2026-02-13T00:30:41.222748+05:30 test-host sshd[82405]: Failed password for admin from ATTACKER_IP port 42270 ssh2
2026-02-13T00:30:41.233869+05:30 test-host sshd[82406]: Failed password for admin from ATTACKER_IP port 42278 ssh2
2026-02-13T00:30:41.258746+05:30 test-host sshd[82409]: Failed password for admin from ATTACKER_IP port 42302 ssh2
2026-02-13T00:30:41.635608+05:30 test-host sshd[82405]: error: maximum authentication attempts exceeded for admin from ATTACKER_IP port 42270 ssh2 [preauth]
2026-02-13T00:30:41.635795+05:30 test-host sshd[82405]: Disconnecting authenticating user admin ATTACKER_IP port 42270: Too many authentication failures [preauth]
2026-02-13T00:30:41.635849+05:30 test-host sshd[82405]: PAM 5 more authentication failures; logname= uid=0 euid=0 tty=ssh ruser= rhost=ATTACKER_IP  user=admin
2026-02-13T00:30:41.635903+05:30 test-host sshd[82405]: PAM service(sshd) ignoring max retries; 6 > 3
2026-02-13T00:30:41.647362+05:30 test-host sshd[82406]: error: maximum authentication attempts exceeded for admin from ATTACKER_IP port 42278 ssh2 [preauth]
2026-02-13T00:30:41.647599+05:30 test-host sshd[82406]: Disconnecting authenticating user admin ATTACKER_IP port 42278: Too many authentication failures [preauth]
2026-02-13T00:30:41.649367+05:30 test-host sshd[82406]: PAM 5 more authentication failures; logname= uid=0 euid=0 tty=ssh ruser= rhost=ATTACKER_IP  user=admin
2026-02-13T00:30:41.649460+05:30 test-host sshd[82406]: PAM service(sshd) ignoring max retries; 6 > 3
2026-02-13T00:30:41.668262+05:30 test-host sshd[82409]: error: maximum authentication attempts exceeded for admin from ATTACKER_IP port 42302 ssh2 [preauth]
2026-02-13T00:30:41.669095+05:30 test-host sshd[82409]: Disconnecting authenticating user admin ATTACKER_IP port 42302: Too many authentication failures [preauth]
2026-02-13T00:30:41.669235+05:30 test-host sshd[82409]: PAM 5 more authentication failures; logname= uid=0 euid=0 tty=ssh ruser= rhost=ATTACKER_IP  user=admin
2026-02-13T00:30:41.669296+05:30 test-host sshd[82409]: PAM service(sshd) ignoring max retries; 6 > 3
2026-02-13T00:31:09.179341+05:30 test-host sshd[82770]: pam_unix(sshd:auth): authentication failure; logname= uid=0 euid=0 tty=ssh ruser= rhost=ATTACKER_IP  user=admin
2026-02-13T00:31:10.842635+05:30 test-host sshd[82770]: Failed password for admin from ATTACKER_IP port 39748 ssh2
2026-02-13T00:31:11.457534+05:30 test-host sshd[82788]: pam_unix(sshd:auth): authentication failure; logname= uid=0 euid=0 tty=ssh ruser= rhost=ATTACKER_IP  user=admin
2026-02-13T00:31:11.464861+05:30 test-host sshd[82789]: pam_unix(sshd:auth): authentication failure; logname= uid=0 euid=0 tty=ssh ruser= rhost=ATTACKER_IP  user=admin
2026-02-13T00:31:11.468361+05:30 test-host sshd[82791]: pam_unix(sshd:auth): authentication failure; logname= uid=0 euid=0 tty=ssh ruser= rhost=ATTACKER_IP  user=admin
2026-02-13T00:31:13.398579+05:30 test-host sshd[82788]: Failed password for admin from ATTACKER_IP port 39754 ssh2
2026-02-13T00:31:13.404488+05:30 test-host sshd[82789]: Failed password for admin from ATTACKER_IP port 39764 ssh2
2026-02-13T00:31:13.404734+05:30 test-host sshd[82770]: Failed password for admin from ATTACKER_IP port 39748 ssh2
2026-02-13T00:31:13.407674+05:30 test-host sshd[82791]: Failed password for admin from ATTACKER_IP port 39768 ssh2
2026-02-13T00:31:15.627318+05:30 test-host sshd[82788]: Failed password for admin from ATTACKER_IP port 39754 ssh2
2026-02-13T00:31:15.637386+05:30 test-host sshd[82770]: Failed password for admin from ATTACKER_IP port 39748 ssh2
2026-02-13T00:31:15.637504+05:30 test-host sshd[82789]: Failed password for admin from ATTACKER_IP port 39764 ssh2
2026-02-13T00:31:15.647808+05:30 test-host sshd[82791]: Failed password for admin from ATTACKER_IP port 39768 ssh2
2026-02-13T00:31:17.661535+05:30 test-host sshd[82788]: Failed password for admin from ATTACKER_IP port 39754 ssh2
2026-02-13T00:31:17.672047+05:30 test-host sshd[82770]: Failed password for admin from ATTACKER_IP port 39748 ssh2
2026-02-13T00:31:17.682649+05:30 test-host sshd[82789]: Failed password for admin from ATTACKER_IP port 39764 ssh2
2026-02-13T00:31:17.682794+05:30 test-host sshd[82791]: Failed password for admin from ATTACKER_IP port 39768 ssh2
2026-02-13T00:31:20.563800+05:30 test-host sshd[82788]: Failed password for admin from ATTACKER_IP port 39754 ssh2
2026-02-13T00:31:20.573430+05:30 test-host sshd[82770]: Failed password for admin from ATTACKER_IP port 39748 ssh2
2026-02-13T00:31:20.581877+05:30 test-host sshd[82791]: Failed password for admin from ATTACKER_IP port 39768 ssh2
2026-02-13T00:31:20.593603+05:30 test-host sshd[82789]: Failed password for admin from ATTACKER_IP port 39764 ssh2
2026-02-13T00:31:22.126859+05:30 test-host sshd[82788]: Failed password for admin from ATTACKER_IP port 39754 ssh2
2026-02-13T00:31:22.138047+05:30 test-host sshd[82770]: Failed password for admin from ATTACKER_IP port 39748 ssh2
2026-02-13T00:31:22.147998+05:30 test-host sshd[82791]: Failed password for admin from ATTACKER_IP port 39768 ssh2
2026-02-13T00:31:22.157466+05:30 test-host sshd[82789]: Failed password for admin from ATTACKER_IP port 39764 ssh2
2026-02-13T00:31:22.918515+05:30 test-host sshd[82770]: error: maximum authentication attempts exceeded for admin from ATTACKER_IP port 39748 ssh2 [preauth]
2026-02-13T00:31:22.918730+05:30 test-host sshd[82770]: Disconnecting authenticating user admin ATTACKER_IP port 39748: Too many authentication failures [preauth]
2026-02-13T00:31:22.919972+05:30 test-host sshd[82770]: PAM 5 more authentication failures; logname= uid=0 euid=0 tty=ssh ruser= rhost=ATTACKER_IP  user=admin
2026-02-13T00:31:22.920026+05:30 test-host sshd[82770]: PAM service(sshd) ignoring max retries; 6 > 3
2026-02-13T00:31:22.930157+05:30 test-host sshd[82791]: Connection closed by authenticating user admin ATTACKER_IP port 39768 [preauth]
2026-02-13T00:31:22.930616+05:30 test-host sshd[82791]: PAM 4 more authentication failures; logname= uid=0 euid=0 tty=ssh ruser= rhost=ATTACKER_IP  user=admin
2026-02-13T00:31:22.931363+05:30 test-host sshd[82791]: PAM service(sshd) ignoring max retries; 5 > 3
2026-02-13T00:31:22.940030+05:30 test-host sshd[82789]: Connection closed by authenticating user admin ATTACKER_IP port 39764 [preauth]
2026-02-13T00:31:22.941408+05:30 test-host sshd[82789]: PAM 4 more authentication failures; logname= uid=0 euid=0 tty=ssh ruser= rhost=ATTACKER_IP  user=admin
2026-02-13T00:31:22.941478+05:30 test-host sshd[82789]: PAM service(sshd) ignoring max retries; 5 > 3
2026-02-13T00:31:25.022106+05:30 test-host sshd[82788]: Failed password for admin from ATTACKER_IP port 39754 ssh2
2026-02-13T00:31:25.199385+05:30 test-host sshd[82788]: error: maximum authentication attempts exceeded for admin from ATTACKER_IP port 39754 ssh2 [preauth]
2026-02-13T00:31:25.199739+05:30 test-host sshd[82788]: Disconnecting authenticating user admin ATTACKER_IP port 39754: Too many authentication failures [preauth]
2026-02-13T00:31:25.201207+05:30 test-host sshd[82788]: PAM 5 more authentication failures; logname= uid=0 euid=0 tty=ssh ruser= rhost=ATTACKER_IP  user=admin
2026-02-13T00:31:25.201332+05:30 test-host sshd[82788]: PAM service(sshd) ignoring max retries; 6 > 3
2026-02-13T00:31:52.731017+05:30 test-host sshd[83131]: pam_unix(sshd:auth): authentication failure; logname= uid=0 euid=0 tty=ssh ruser= rhost=ATTACKER_IP  user=admin
2026-02-13T00:31:54.965438+05:30 test-host sshd[83131]: Failed password for admin from ATTACKER_IP port 41350 ssh2
2026-02-13T00:31:55.008082+05:30 test-host sshd[83157]: pam_unix(sshd:auth): authentication failure; logname= uid=0 euid=0 tty=ssh ruser= rhost=ATTACKER_IP  user=admin
2026-02-13T00:31:55.023448+05:30 test-host sshd[83131]: Connection closed by authenticating user admin ATTACKER_IP port 41350 [preauth]
2026-02-13T00:31:56.985819+05:30 test-host sshd[83157]: Failed password for admin from ATTACKER_IP port 51028 ssh2
2026-02-13T00:31:57.301954+05:30 test-host sshd[83157]: Connection closed by authenticating user admin ATTACKER_IP port 51028 [preauth]
2026-02-13T00:35:01.113976+05:30 test-host CRON[84648]: pam_unix(cron:session): session opened for user admin(uid=0) by admin(uid=0)
2026-02-13T00:35:01.119230+05:30 test-host CRON[84648]: pam_unix(cron:session): session closed for user admin
2026-02-13T00:39:01.126724+05:30 test-host CRON[86599]: pam_unix(cron:session): session opened for user admin(uid=0) by admin(uid=0)
2026-02-13T00:39:01.138384+05:30 test-host CRON[86599]: pam_unix(cron:session): session closed for user admin
2026-02-13T00:45:01.165166+05:30 test-host CRON[90160]: pam_unix(cron:session): session opened for user admin(uid=0) by admin(uid=0)
2026-02-13T00:45:01.186070+05:30 test-host CRON[90160]: pam_unix(cron:session): session closed for user admin
2026-02-13T00:48:07.361790+05:30 test-host sudo:   ...: TTY=pts/2 ; PWD=/home/... ; USER=admin ; COMMAND=/usr/bin/su
2026-02-13T00:48:07.386546+05:30 test-host sudo: pam_unix(sudo:session): session opened for user admin(uid=0) by ...(uid=1000)
2026-02-13T00:48:07.387965+05:30 test-host su[91680]: (to admin) admin on pts/3
2026-02-13T00:48:07.391448+05:30 test-host su[91680]: pam_unix(su:session): session opened for user admin(uid=0) by ...(uid=0)
2026-02-13T00:48:36.985231+05:30 test-host sudo:     admin : TTY=pts/3 ; PWD=/var/log ; USER=admin ; COMMAND=/usr/bin/python3 -m http.server 8080
2026-02-13T00:48:36.988799+05:30 test-host sudo: pam_unix(sudo:session): session opened for user admin(uid=0) by ...(uid=0)
2026-02-13T00:50:04.389821+05:30 test-host sudo: pam_unix(sudo:session): session closed for user admin
2026-02-13T00:53:19.940918+05:30 test-host su[91680]: pam_unix(su:session): session closed for user admin
2026-02-13T00:53:19.946090+05:30 test-host sudo: pam_unix(sudo:session): session closed for user admin
2026-02-13T00:53:20.913844+05:30 test-host systemd-logind[514]: The system will power off now!
2026-02-13T00:53:20.917144+05:30 test-host systemd-logind[514]: System is powering down.
2026-02-13T00:57:39.861059+05:30 test-host systemd-logind[516]: New seat seat0.
2026-02-13T00:57:39.861061+05:30 test-host polkitd[513]: Loading rules from directory /etc/polkit-1/rules.d
2026-02-13T00:57:39.861063+05:30 test-host polkitd[513]: Loading rules from directory /usr/share/polkit-1/rules.d
2026-02-13T00:57:39.861065+05:30 test-host systemd-logind[516]: Watching system buttons on /dev/input/event1 (Power Button)
2026-02-13T00:57:39.861067+05:30 test-host systemd-logind[516]: Watching system buttons on /dev/input/event2 (Sleep Button)
2026-02-13T00:57:39.861068+05:30 test-host systemd-logind[516]: Watching system buttons on /dev/input/event0 (AT Translated Set 2 keyboard)
2026-02-13T00:57:39.861141+05:30 test-host polkitd[513]: Finished loading, compiling and executing 7 rules
2026-02-13T00:57:39.861147+05:30 test-host polkitd[513]: Acquired the name org.freedesktop.PolicyKit1 on the system bus
2026-02-13T00:57:40.610601+05:30 test-host sshd[654]: Server listening on 0.0.0.0 port 22.
2026-02-13T00:57:40.611521+05:30 test-host sshd[654]: Server listening on :: port 22.
2026-02-13T00:57:41.746461+05:30 test-host lightdm: pam_unix(lightdm-greeter:session): session opened for user lightdm(uid=126) by (uid=0)
2026-02-13T00:57:41.782745+05:30 test-host systemd-logind[516]: New session c1 of user lightdm.
2026-02-13T00:57:41.876221+05:30 test-host (systemd): pam_unix(systemd-user:session): session opened for user lightdm(uid=126) by lightdm(uid=0)
2026-02-13T00:57:41.879498+05:30 test-host systemd-logind[516]: New session 1 of user lightdm.
2026-02-13T00:57:42.067577+05:30 test-host lightdm: pam_unix(lightdm-greeter:session): session opened for user lightdm(uid=126) by (uid=0)
2026-02-13T00:58:00.358543+05:30 test-host lightdm: gkr-pam: unable to locate daemon control file
2026-02-13T00:58:00.358782+05:30 test-host lightdm: gkr-pam: stashed password to try later in open session
2026-02-13T00:58:00.402997+05:30 test-host lightdm: pam_unix(lightdm-greeter:session): session closed for user lightdm
2026-02-13T00:58:00.404218+05:30 test-host lightdm: pam_unix(lightdm-greeter:session): session closed for user lightdm
2026-02-13T00:58:00.404657+05:30 test-host lightdm: pam_systemd(lightdm-greeter:session): Failed to release session: Transport endpoint is not connected
2026-02-13T00:58:00.427814+05:30 test-host systemd-logind[516]: Removed session c1.
2026-02-13T00:58:00.427898+05:30 test-host lightdm: pam_unix(lightdm:session): session opened for user bharti(uid=1000) by ...(uid=0)
2026-02-13T00:58:00.449581+05:30 test-host systemd-logind[516]: New session 2 of user ....
2026-02-13T00:58:00.501365+05:30 test-host (systemd): pam_unix(systemd-user:session): session opened for user ...(uid=1000) by ...(uid=0)
2026-02-13T00:58:00.503709+05:30 test-host systemd-logind[516]: New session 3 of user ....
2026-02-13T00:58:00.755187+05:30 test-host lightdm: gkr-pam: the password for the login keyring was invalid.
2026-02-13T00:58:05.739441+05:30 test-host polkitd[513]: Registered Authentication Agent for unix-session:2 (system bus name :1.60 [/usr/libexec/polkit-mate-authentication-agent-1], object path /org/mate/PolicyKit1/AuthenticationAgent, locale C.UTF-8)
2026-02-13T00:58:10.788816+05:30 test-host systemd-logind[516]: Removed session 1.
2026-02-13T00:58:16.398641+05:30 test-host sudo:   bharti : TTY=pts/0 ; PWD=/home/... ; USER=admin ; COMMAND=/usr/bin/su
2026-02-13T00:58:16.399339+05:30 test-host sudo: pam_unix(sudo:session): session opened for user admin(uid=0) by ...(uid=1000)
2026-02-13T00:58:16.408415+05:30 test-host su[1662]: (to admin) admin on pts/2
2026-02-13T00:58:16.408905+05:30 test-host su[1662]: pam_unix(su:session): session opened for user admin(uid=0) by bharti(uid=0)
2026-02-13T00:59:28.754422+05:30 test-host sudo:     admin : TTY=pts/2 ; PWD=/home/... ; USER=admin ; COMMAND=/usr/bin/cp /var/log/auth.log /media/sf_share/
2026-02-13T00:59:28.754624+05:30 test-host sudo: pam_unix(sudo:session): session opened for user admin(uid=0) by ...(uid=0)
2026-02-13T00:59:28.759810+05:30 test-host sudo: pam_unix(sudo:session): session closed for user admin
2026-02-13T01:00:54.941652+05:30 test-host sudo:     admin : TTY=pts/2 ; PWD=/home/bharti ; USER=admin ; COMMAND=/usr/bin/mkdir -p /media/sf_share
2026-02-13T01:00:54.942041+05:30 test-host sudo: pam_unix(sudo:session): session opened for user admin(uid=0) by ...(uid=0)
2026-02-13T01:00:54.945002+05:30 test-host sudo: pam_unix(sudo:session): session closed for user admin
2026-02-13T01:01:23.568749+05:30 test-host sudo:     admin : TTY=pts/2 ; PWD=/home/... ; USER=admin ; COMMAND=/usr/bin/mount -t vboxsf share /media/sf_share
2026-02-13T01:01:23.568854+05:30 test-host sudo: pam_unix(sudo:session): session opened for user admin(uid=0) by ...(uid=0)
2026-02-13T01:01:23.578968+05:30 test-host sudo: pam_unix(sudo:session): session closed for user admin
2026-02-13T01:01:51.369078+05:30 test-host sudo:     admin : TTY=pts/2 ; PWD=/home/... ; USER=admin ; COMMAND=/usr/bin/cp /var/log/auth.log /media/sf_share/
2026-02-13T01:01:51.370088+05:30 test-host sudo: pam_unix(sudo:session): session opened for user admin(uid=0) by ...(uid=0)
2026-02-13T01:01:51.377997+05:30 test-host sudo: pam_unix(sudo:session): session closed for user admin
2026-02-13T01:05:01.347415+05:30 test-host CRON[5088]: pam_unix(cron:session): session opened for user admin(uid=0) by admin(uid=0)
2026-02-13T01:05:01.359500+05:30 test-host CRON[5088]: pam_unix(cron:session): session closed for user admin
2026-02-13T01:05:06.964492+05:30 test-host sudo:     admin : TTY=pts/2 ; PWD=/home/... ; USER=admin ; COMMAND=/usr/sbin/usermod -aG vboxsf admin
2026-02-13T01:05:06.965621+05:30 test-host sudo: pam_unix(sudo:session): session opened for user admin(uid=0) by ...(uid=0)
2026-02-13T01:05:06.986700+05:30 test-host usermod[5146]: add 'admin' to group 'vboxsf'
2026-02-13T01:05:06.987319+05:30 test-host usermod[5146]: add 'admin' to shadow group 'vboxsf'
2026-02-13T01:05:07.002318+05:30 test-host sudo: pam_unix(sudo:session): session closed for user admin
2026-02-13T01:05:21.493481+05:30 test-host su[1662]: pam_unix(su:session): session closed for user admin
2026-02-13T01:05:21.494620+05:30 test-host sudo: pam_unix(sudo:session): session closed for user admin
2026-02-13T01:05:21.845533+05:30 test-host systemd-logind[516]: The system will reboot now!
2026-02-13T01:05:21.846698+05:30 test-host systemd-logind[516]: System is rebooting.
2026-02-13T01:05:21.883686+05:30 test-host polkitd[513]: Unregistered Authentication Agent for unix-session:2 (system bus name :1.60, object path /org/mate/PolicyKit1/AuthenticationAgent, locale C.UTF-8) (disconnected from bus)
2026-02-13T01:05:42.476629+05:30 test-host systemd-logind[539]: New seat seat0.
2026-02-13T01:05:42.507583+05:30 test-host systemd-logind[539]: Watching system buttons on /dev/input/event1 (Power Button)
2026-02-13T01:05:42.513872+05:30 test-host systemd-logind[539]: Watching system buttons on /dev/input/event2 (Sleep Button)
2026-02-13T01:05:42.519866+05:30 test-host systemd-logind[539]: Watching system buttons on /dev/input/event0 (AT Translated Set 2 keyboard)
2026-02-13T01:05:42.555741+05:30 test-host polkitd[536]: Loading rules from directory /etc/polkit-1/rules.d
2026-02-13T01:05:42.556605+05:30 test-host polkitd[536]: Loading rules from directory /usr/share/polkit-1/rules.d
2026-02-13T01:05:42.574222+05:30 test-host polkitd[536]: Finished loading, compiling and executing 7 rules
2026-02-13T01:05:42.575761+05:30 test-host polkitd[536]: Acquired the name org.freedesktop.PolicyKit1 on the system bus
2026-02-13T01:05:43.075709+05:30 test-host sshd[653]: Server listening on 0.0.0.0 port 22.
2026-02-13T01:05:43.076873+05:30 test-host sshd[653]: Server listening on :: port 22.
2026-02-13T01:05:43.841046+05:30 test-host lightdm: pam_unix(lightdm-greeter:session): session opened for user lightdm(uid=126) by (uid=0)
2026-02-13T01:05:43.861750+05:30 test-host systemd-logind[539]: New session c1 of user lightdm.
2026-02-13T01:05:43.925134+05:30 test-host (systemd): pam_unix(systemd-user:session): session opened for user lightdm(uid=126) by lightdm(uid=0)
2026-02-13T01:05:43.927839+05:30 test-host systemd-logind[539]: New session 1 of user lightdm.
2026-02-13T01:05:44.144702+05:30 test-host lightdm: pam_unix(lightdm-greeter:session): session opened for user lightdm(uid=126) by (uid=0)
2026-02-13T01:05:54.563809+05:30 test-host lightdm: gkr-pam: unable to locate daemon control file
2026-02-13T01:05:54.563865+05:30 test-host lightdm: gkr-pam: stashed password to try later in open session
2026-02-13T01:05:54.613364+05:30 test-host lightdm: pam_unix(lightdm-greeter:session): session closed for user lightdm
2026-02-13T01:05:54.614393+05:30 test-host lightdm: pam_unix(lightdm-greeter:session): session closed for user lightdm
2026-02-13T01:05:54.614613+05:30 test-host lightdm: pam_systemd(lightdm-greeter:session): Failed to release session: Transport endpoint is not connected
2026-02-13T01:05:54.630282+05:30 test-host lightdm: pam_unix(lightdm:session): session opened for user ...(uid=1000) by ...(uid=0)
2026-02-13T01:05:54.667732+05:30 test-host systemd-logind[539]: New session 2 of user ....
2026-02-13T01:05:54.679480+05:30 test-host systemd-logind[539]: Removed session c1.
2026-02-13T01:05:54.726617+05:30 test-host (systemd): pam_unix(systemd-user:session): session opened for user ...(uid=1000) by ...(uid=0)
2026-02-13T01:05:54.728664+05:30 test-host systemd-logind[539]: New session 3 of user ....
2026-02-13T01:05:54.955973+05:30 test-host lightdm: gkr-pam: the password for the login keyring was invalid.
2026-02-13T01:05:58.554001+05:30 test-host polkitd[536]: Registered Authentication Agent for unix-session:2 (system bus name :1.58 [/usr/libexec/polkit-mate-authentication-agent-1], object path /org/mate/PolicyKit1/AuthenticationAgent, locale C.UTF-8)
2026-02-13T01:06:05.025869+05:30 test-host systemd-logind[539]: Removed session 1.
2026-02-13T01:06:05.026450+05:30 test-host (sd-pam): pam_unix(systemd-user:session): session closed for user lightdm
2026-02-13T01:06:08.843091+05:30 test-host sudo:   ... : TTY=pts/2 ; PWD=/home/... ; USER=admin ; COMMAND=/usr/bin/su
2026-02-13T01:06:08.848974+05:30 test-host sudo: pam_unix(sudo:session): session opened for user admin(uid=0) by ...(uid=1000)
2026-02-13T01:06:08.855669+05:30 test-host su[1626]: (to admin) admin on pts/3
2026-02-13T01:06:08.856328+05:30 test-host su[1626]: pam_unix(su:session): session opened for user admin(uid=0) by bharti(uid=0)
2026-02-13T01:06:58.485306+05:30 test-host sudo:     admin : TTY=pts/3 ; PWD=/home/bharti ; USER=admin ; COMMAND=/usr/bin/cp /var/log/auth.log /media/sf_splunkLogs/
2026-02-13T01:06:58.485848+05:30 test-host sudo: pam_unix(sudo:session): session opened for user admin(uid=0) by ...(uid=0)
